#
# A fatal error has been detected by the Java Runtime Environment:
#
#  Internal Error (nmethod.cpp:1847), pid=11011, tid=3077835632
#  Error: guarantee(cont_offset != 0,"unhandled implicit exception in compiled code")
#
# JRE version: 6.0_18-b18
# Java VM: OpenJDK Server VM (16.0-b13 mixed mode linux-x86 )
# Derivative: IcedTea6 1.8.1
# Distribution: Ubuntu 10.04 LTS, package 6b18-1.8.1-0ubuntu1
# If you would like to submit a bug report, please include
# instructions how to reproduce the bug and visit:
#   https://bugs.launchpad.net/ubuntu/+source/openjdk-6/
#

---------------  T H R E A D  ---------------

Current thread (0x09b28800):  JavaThread "main" [_thread_in_Java, id=11014, stack(0xb76f0000,0xb7741000)]

Stack: [0xb76f0000,0xb7741000],  sp=0xb773c3b0,  free space=130b773c404k
Native frames: (J=compiled Java code, j=interpreted, Vv=VM code, C=native code)
V  [libjvm.so+0x5eb585]
V  [libjvm.so+0x5eb7fc]
V  [libjvm.so+0x25acab]
V  [libjvm.so+0x4af440]
V  [libjvm.so+0x5367dd]
V  [libjvm.so+0x4cf312]
V  [libjvm.so+0x4c9446]


---------------  P R O C E S S  ---------------

Java Threads: ( => current thread )
  0x09bf6400 JavaThread "Low Memory Detector" daemon [_thread_blocked, id=11025, stack(0x80548000,0x80599000)]
  0x80a00c00 JavaThread "CompilerThread1" daemon [_thread_in_native, id=11024, stack(0x80599000,0x8061a000)]
  0x09bf4000 JavaThread "CompilerThread0" daemon [_thread_in_native, id=11023, stack(0x8061a000,0x8069b000)]
  0x09bf2400 JavaThread "Signal Dispatcher" daemon [_thread_blocked, id=11022, stack(0x8069b000,0x806ec000)]
  0x09be1000 JavaThread "Finalizer" daemon [_thread_blocked, id=11021, stack(0x80b17000,0x80b68000)]
  0x09bdc400 JavaThread "Reference Handler" daemon [_thread_blocked, id=11020, stack(0x8072b000,0x8077c000)]
=>0x09b28800 JavaThread "main" [_thread_in_Java, id=11014, stack(0xb76f0000,0xb7741000)]

Other Threads:
  0x09bd9800 VMThread [stack: 0x8077c000,0x807fd000] [id=11019]
  0x09bf8400 WatcherThread [stack: 0x804c7000,0x80548000] [id=11026]

VM state:not at safepoint (normal execution)

VM Mutex/Monitor currently owned by a thread: None

Heap
 PSYoungGen      total 185728K, used 75986K [0xa5ee0000, 0xb1fa0000, 0xb4630000)
  eden space 177152K, 38% used [0xa5ee0000,0xaa1aa210,0xb0be0000)
  from space 8576K, 88% used [0xb1540000,0xb1caa940,0xb1da0000)
  to   space 9600K, 0% used [0xb0be0000,0xb0be0000,0xb1540000)
 PSOldGen        total 29568K, used 9751K [0x89030000, 0x8ad10000, 0xa5ee0000)
  object space 29568K, 32% used [0x89030000,0x899b5c80,0x8ad10000)
 PSPermGen       total 16384K, used 10464K [0x81030000, 0x82030000, 0x89030000)
  object space 16384K, 63% used [0x81030000,0x81a68388,0x82030000)

Dynamic libraries:
00110000-00123000 r-xp 00000000 08:06 1441895    /lib/tls/i686/cmov/libnsl-2.11.1.so
00123000-00124000 r--p 00012000 08:06 1441895    /lib/tls/i686/cmov/libnsl-2.11.1.so
00124000-00125000 rw-p 00013000 08:06 1441895    /lib/tls/i686/cmov/libnsl-2.11.1.so
00125000-00127000 rw-p 00000000 00:00 0 
00182000-00196000 r-xp 00000000 08:06 755890     /usr/lib/jvm/java-6-openjdk/jre/lib/i386/libnet.so
00196000-00197000 r--p 00013000 08:06 755890     /usr/lib/jvm/java-6-openjdk/jre/lib/i386/libnet.so
00197000-00198000 rw-p 00014000 08:06 755890     /usr/lib/jvm/java-6-openjdk/jre/lib/i386/libnet.so
001b0000-001c3000 r-xp 00000000 08:06 1425694    /lib/libz.so.1.2.3.3
001c3000-001c4000 r--p 00012000 08:06 1425694    /lib/libz.so.1.2.3.3
001c4000-001c5000 rw-p 00013000 08:06 1425694    /lib/libz.so.1.2.3.3
001c5000-00318000 r-xp 00000000 08:06 1441888    /lib/tls/i686/cmov/libc-2.11.1.so
00318000-00319000 ---p 00153000 08:06 1441888    /lib/tls/i686/cmov/libc-2.11.1.so
00319000-0031b000 r--p 00153000 08:06 1441888    /lib/tls/i686/cmov/libc-2.11.1.so
0031b000-0031c000 rw-p 00155000 08:06 1441888    /lib/tls/i686/cmov/libc-2.11.1.so
0031c000-0031f000 rw-p 00000000 00:00 0 
00380000-00387000 r-xp 00000000 08:06 1040390    /usr/lib/jvm/java-6-openjdk/jre/lib/i386/native_threads/libhpi.so
00387000-00388000 r--p 00006000 08:06 1040390    /usr/lib/jvm/java-6-openjdk/jre/lib/i386/native_threads/libhpi.so
00388000-00389000 rw-p 00007000 08:06 1040390    /usr/lib/jvm/java-6-openjdk/jre/lib/i386/native_threads/libhpi.so
003ca000-003d4000 r-xp 00000000 08:06 1441898    /lib/tls/i686/cmov/libnss_files-2.11.1.so
003d4000-003d5000 r--p 00009000 08:06 1441898    /lib/tls/i686/cmov/libnss_files-2.11.1.so
003d5000-003d6000 rw-p 0000a000 08:06 1441898    /lib/tls/i686/cmov/libnss_files-2.11.1.so
0048c000-00493000 r-xp 00000000 08:06 1441905    /lib/tls/i686/cmov/librt-2.11.1.so
00493000-00494000 r--p 00006000 08:06 1441905    /lib/tls/i686/cmov/librt-2.11.1.so
00494000-00495000 rw-p 00007000 08:06 1441905    /lib/tls/i686/cmov/librt-2.11.1.so
0078c000-00793000 r-xp 00000000 08:06 755929     /usr/lib/jvm/java-6-openjdk/jre/lib/i386/libzip.so
00793000-00794000 r--p 00006000 08:06 755929     /usr/lib/jvm/java-6-openjdk/jre/lib/i386/libzip.so
00794000-00795000 rw-p 00007000 08:06 755929     /usr/lib/jvm/java-6-openjdk/jre/lib/i386/libzip.so
00852000-00854000 r-xp 00000000 08:06 1441892    /lib/tls/i686/cmov/libdl-2.11.1.so
00854000-00855000 r--p 00001000 08:06 1441892    /lib/tls/i686/cmov/libdl-2.11.1.so
00855000-00856000 rw-p 00002000 08:06 1441892    /lib/tls/i686/cmov/libdl-2.11.1.so
00909000-0092d000 r-xp 00000000 08:06 755305     /usr/lib/jvm/java-6-openjdk/jre/lib/i386/libjava.so
0092d000-0092e000 r--p 00023000 08:06 755305     /usr/lib/jvm/java-6-openjdk/jre/lib/i386/libjava.so
0092e000-00930000 rw-p 00024000 08:06 755305     /usr/lib/jvm/java-6-openjdk/jre/lib/i386/libjava.so
0093d000-00944000 r-xp 00000000 08:06 755891     /usr/lib/jvm/java-6-openjdk/jre/lib/i386/libnio.so
00944000-00945000 r--p 00006000 08:06 755891     /usr/lib/jvm/java-6-openjdk/jre/lib/i386/libnio.so
00945000-00946000 rw-p 00007000 08:06 755891     /usr/lib/jvm/java-6-openjdk/jre/lib/i386/libnio.so
00ade000-00b02000 r-xp 00000000 08:06 1441893    /lib/tls/i686/cmov/libm-2.11.1.so
00b02000-00b03000 r--p 00023000 08:06 1441893    /lib/tls/i686/cmov/libm-2.11.1.so
00b03000-00b04000 rw-p 00024000 08:06 1441893    /lib/tls/i686/cmov/libm-2.11.1.so
00c3d000-00c52000 r-xp 00000000 08:06 1441903    /lib/tls/i686/cmov/libpthread-2.11.1.so
00c52000-00c53000 r--p 00014000 08:06 1441903    /lib/tls/i686/cmov/libpthread-2.11.1.so
00c53000-00c54000 rw-p 00015000 08:06 1441903    /lib/tls/i686/cmov/libpthread-2.11.1.so
00c54000-00c56000 rw-p 00000000 00:00 0 
00dbb000-00dc7000 r-xp 00000000 08:06 755912     /usr/lib/jvm/java-6-openjdk/jre/lib/i386/libverify.so
00dc7000-00dc8000 r--p 0000b000 08:06 755912     /usr/lib/jvm/java-6-openjdk/jre/lib/i386/libverify.so
00dc8000-00dc9000 rw-p 0000c000 08:06 755912     /usr/lib/jvm/java-6-openjdk/jre/lib/i386/libverify.so
00e2d000-00e48000 r-xp 00000000 08:06 1425447    /lib/ld-2.11.1.so
00e48000-00e49000 r--p 0001a000 08:06 1425447    /lib/ld-2.11.1.so
00e49000-00e4a000 rw-p 0001b000 08:06 1425447    /lib/ld-2.11.1.so
00e79000-00e81000 r-xp 00000000 08:06 1441900    /lib/tls/i686/cmov/libnss_nis-2.11.1.so
00e81000-00e82000 r--p 00007000 08:06 1441900    /lib/tls/i686/cmov/libnss_nis-2.11.1.so
00e82000-00e83000 rw-p 00008000 08:06 1441900    /lib/tls/i686/cmov/libnss_nis-2.11.1.so
00f6c000-00f6f000 r-xp 00000000 08:06 1024049    /usr/lib/jvm/java-6-openjdk/jre/lib/i386/jli/libjli.so
00f6f000-00f70000 r--p 00003000 08:06 1024049    /usr/lib/jvm/java-6-openjdk/jre/lib/i386/jli/libjli.so
00f70000-00f71000 rw-p 00004000 08:06 1024049    /usr/lib/jvm/java-6-openjdk/jre/lib/i386/jli/libjli.so
00ff1000-00ff7000 r-xp 00000000 08:06 1441896    /lib/tls/i686/cmov/libnss_compat-2.11.1.so
00ff7000-00ff8000 r--p 00006000 08:06 1441896    /lib/tls/i686/cmov/libnss_compat-2.11.1.so
00ff8000-00ff9000 rw-p 00007000 08:06 1441896    /lib/tls/i686/cmov/libnss_compat-2.11.1.so
00ff9000-00ffa000 r-xp 00000000 00:00 0          [vdso]
00ffa000-0165c000 r-xp 00000000 08:06 1059968    /usr/lib/jvm/java-6-openjdk/jre/lib/i386/server/libjvm.so
0165c000-016a0000 r--p 00661000 08:06 1059968    /usr/lib/jvm/java-6-openjdk/jre/lib/i386/server/libjvm.so
016a0000-016af000 rw-p 006a5000 08:06 1059968    /usr/lib/jvm/java-6-openjdk/jre/lib/i386/server/libjvm.so
016af000-01acd000 rw-p 00000000 00:00 0 
08048000-08051000 r-xp 00000000 08:06 820432     /usr/lib/jvm/java-6-openjdk/jre/bin/java
08051000-08052000 r--p 00008000 08:06 820432     /usr/lib/jvm/java-6-openjdk/jre/bin/java
08052000-08053000 rw-p 00009000 08:06 820432     /usr/lib/jvm/java-6-openjdk/jre/bin/java
09b22000-0a8ec000 rw-p 00000000 00:00 0          [heap]
7ef00000-7ef8b000 rw-p 00000000 00:00 0 
7ef8b000-7f000000 ---p 00000000 00:00 0 
7f100000-7f200000 rw-p 00000000 00:00 0 
7f500000-7f5e6000 rw-p 00000000 00:00 0 
7f5e6000-7f600000 ---p 00000000 00:00 0 
7f600000-7f6fa000 rw-p 00000000 00:00 0 
7f6fa000-7f700000 ---p 00000000 00:00 0 
7f700000-7f800000 rw-p 00000000 00:00 0 
7f900000-7f9f5000 rw-p 00000000 00:00 0 
7f9f5000-7fa00000 ---p 00000000 00:00 0 
7fa00000-7faf1000 rw-p 00000000 00:00 0 
7faf1000-7fb00000 ---p 00000000 00:00 0 
7fb00000-7fbe5000 rw-p 00000000 00:00 0 
7fbe5000-7fc00000 ---p 00000000 00:00 0 
7fc00000-7fced000 rw-p 00000000 00:00 0 
7fced000-7fd00000 ---p 00000000 00:00 0 
7fd00000-7fdf0000 rw-p 00000000 00:00 0 
7fdf0000-7fe00000 ---p 00000000 00:00 0 
7fe00000-7feff000 rw-p 00000000 00:00 0 
7feff000-7ff00000 ---p 00000000 00:00 0 
7ff00000-800f8000 rw-p 00000000 00:00 0 
800f8000-80100000 ---p 00000000 00:00 0 
80100000-801ff000 rw-p 00000000 00:00 0 
801ff000-80200000 ---p 00000000 00:00 0 
8024e000-80250000 r--s 00018000 08:06 305790     /home/simon/.m2/repository/javax/servlet/servlet-api/2.5/servlet-api-2.5.jar
80250000-80276000 r--s 00230000 08:06 1164950    /home/simon/.m2/repository/org/apache/derby/derby/10.4.2.0/derby-10.4.2.0.jar
80276000-8027d000 r--s 00045000 08:06 1164980    /home/simon/.m2/repository/net/liftweb/lift-widgets/1.0/lift-widgets-1.0.jar
8027d000-80288000 r--s 00073000 08:06 1164963    /home/simon/.m2/repository/org/igniterealtime/smack/smackx/3.1.0/smackx-3.1.0.jar
80288000-8028e000 r--s 00040000 08:06 1164949    /home/simon/.m2/repository/org/igniterealtime/smack/smack/3.1.0/smack-3.1.0.jar
8028e000-80295000 r--s 00046000 08:06 1164969    /home/simon/.m2/repository/net/liftweb/lift-facebook/1.0/lift-facebook-1.0.jar
80295000-802a9000 r--s 0009e000 08:06 1164966    /home/simon/.m2/repository/net/liftweb/lift-textile/1.0/lift-textile-1.0.jar
802a9000-802ae000 r--s 00031000 08:06 1164962    /home/simon/.m2/repository/net/liftweb/lift-record/1.0/lift-record-1.0.jar
802ae000-802b1000 r--s 00012000 08:06 1164955    /home/simon/.m2/repository/net/liftweb/lift-machine/1.0/lift-machine-1.0.jar
802b1000-802c9000 r--s 00107000 08:06 305820     /home/simon/.m2/repository/net/liftweb/lift-mapper/1.0/lift-mapper-1.0.jar
802c9000-802f2000 r--s 001db000 08:06 305813     /home/simon/.m2/repository/net/liftweb/lift-webkit/1.0/lift-webkit-1.0.jar
802f2000-80300000 r--s 0007f000 08:06 257162     /home/simon/.m2/repository/commons-collections/commons-collections/3.2.1/commons-collections-3.2.1.jar
80300000-803fd000 rw-p 00000000 00:00 0 
803fd000-80400000 ---p 00000000 00:00 0 
80400000-80403000 r--s 00011000 08:06 1164975    /home/simon/.m2/repository/net/liftweb/lift-xmpp/1.0/lift-xmpp-1.0.jar
80403000-80406000 r--s 0000c000 08:06 305802     /home/simon/.m2/repository/commons-fileupload/commons-fileupload/1.2.1/commons-fileupload-1.2.1.jar
80406000-80408000 r--s 0000a000 08:06 305792     /home/simon/.m2/repository/commons-codec/commons-codec/1.3/commons-codec-1.3.jar
80408000-8040a000 r--s 00008000 08:06 305798     /home/simon/.m2/repository/commons-logging/commons-logging/1.0.4/commons-logging-1.0.4.jar
8040a000-80410000 r--s 00045000 08:06 305791     /home/simon/.m2/repository/commons-httpclient/commons-httpclient/3.1/commons-httpclient-3.1.jar
80410000-80412000 r--s 0000e000 08:06 305795     /home/simon/.m2/repository/javax/activation/activation/1.1/activation-1.1.jar
80412000-80418000 r--s 00059000 08:06 305801     /home/simon/.m2/repository/javax/mail/mail/1.4/mail-1.4.jar
80418000-8041f000 r--s 00053000 08:06 305808     /home/simon/.m2/repository/log4j/log4j/1.2.14/log4j-1.2.14.jar
8041f000-8042f000 r--s 000a1000 08:06 305789     /home/simon/.m2/repository/net/liftweb/lift-util/1.0/lift-util-1.0.jar
8042f000-80430000 r--s 00000000 08:06 1164945    /home/simon/.m2/repository/net/liftweb/lift-core/1.0/lift-core-1.0.jar
80430000-80433000 r--s 00077000 08:06 2646041    /usr/lib/jvm/java-6-openjdk/jre/lib/ext/localedata.jar
80433000-80436000 r--s 00038000 08:06 2646039    /usr/lib/jvm/java-6-openjdk/jre/lib/ext/sunpkcs11.jar
80436000-80439000 r--s 00031000 08:06 2646042    /usr/lib/jvm/java-6-openjdk/jre/lib/ext/sunjce_provider.jar
80439000-8043b000 r--s 00001000 08:06 2646040    /usr/lib/jvm/java-6-openjdk/jre/lib/ext/dnsns.jar
8043b000-80444000 r--s 000b3000 08:06 2670682    /usr/lib/jvm/java-6-openjdk/jre/lib/rhino.jar
80444000-80452000 r--s 00351000 08:06 2670665    /usr/lib/jvm/java-6-openjdk/jre/lib/charsets.jar
80452000-80454000 r--s 00013000 08:06 2670671    /usr/lib/jvm/java-6-openjdk/jre/lib/jce.jar
80454000-8045b000 r--s 00101000 08:06 2670681    /usr/lib/jvm/java-6-openjdk/jre/lib/resources.jar
8045b000-804c7000 r--s 0059c000 08:06 305825     /home/simon/.m2/repository/org/scala-lang/scala-compiler/2.7.3/scala-compiler-2.7.3.jar
804c7000-804c8000 ---p 00000000 00:00 0 
804c8000-80548000 rw-p 00000000 00:00 0 
80548000-8054b000 ---p 00000000 00:00 0 
8054b000-80599000 rw-p 00000000 00:00 0 
80599000-8059c000 ---p 00000000 00:00 0 
8059c000-8061a000 rw-p 00000000 00:00 0 
8061a000-8061d000 ---p 00000000 00:00 0 
8061d000-8069b000 rw-p 00000000 00:00 0 
8069b000-8069e000 ---p 00000000 00:00 0 
8069e000-806ec000 rw-p 00000000 00:00 0 
806ec000-8072b000 r--p 00000000 08:06 647231     /usr/lib/locale/en_AU.utf8/LC_CTYPE
8072b000-8072e000 ---p 00000000 00:00 0 
8072e000-8077c000 rw-p 00000000 00:00 0 
8077c000-8077d000 ---p 00000000 00:00 0 
8077d000-807fd000 rw-p 00000000 00:00 0 
807fd000-8083a000 r--s 00348000 08:06 305807     /home/simon/.m2/repository/org/scala-lang/scala-library/2.7.3/scala-library-2.7.3.jar
8083a000-8086d000 rw-p 00000000 00:00 0 
8086d000-80a00000 r--s 03918000 08:06 2670626    /usr/lib/jvm/java-6-openjdk/jre/lib/rt.jar
80a00000-80b00000 rw-p 00000000 00:00 0 
80b00000-80b03000 r--s 0000e000 08:06 1164951    /home/simon/.m2/repository/commons-io/commons-io/1.2/commons-io-1.2.jar
80b03000-80b0b000 r--s 00042000 08:06 1164948    /home/simon/.m2/repository/com/rabbitmq/rabbitmq-client/1.3.0/rabbitmq-client-1.3.0.jar
80b0b000-80b0e000 r--s 0007a000 08:06 2670673    /usr/lib/jvm/java-6-openjdk/jre/lib/jsse.jar
80b0e000-80b17000 r--s 00065000 08:06 631330     /usr/share/java/gnome-java-bridge.jar
80b17000-80b1a000 ---p 00000000 00:00 0 
80b1a000-80b68000 rw-p 00000000 00:00 0 
80b68000-80b69000 ---p 00000000 00:00 0 
80b69000-80be9000 rw-p 00000000 00:00 0 
80be9000-80bea000 ---p 00000000 00:00 0 
80bea000-80c6a000 rw-p 00000000 00:00 0 
80c6a000-80c6b000 ---p 00000000 00:00 0 
80c6b000-80ceb000 rw-p 00000000 00:00 0 
80ceb000-80cec000 ---p 00000000 00:00 0 
80cec000-80d74000 rw-p 00000000 00:00 0 
80d74000-80dac000 rw-p 00000000 00:00 0 
80dac000-80dbb000 rw-p 00000000 00:00 0 
80dbb000-80e94000 rw-p 00000000 00:00 0 
80e94000-80e9c000 rw-p 00000000 00:00 0 
80e9c000-80ed4000 rw-p 00000000 00:00 0 
80ed4000-80ee3000 rw-p 00000000 00:00 0 
80ee3000-80fbb000 rw-p 00000000 00:00 0 
80fbb000-8101c000 rw-p 00000000 00:00 0 
8101c000-8102f000 rw-p 00000000 00:00 0 
8102f000-82030000 rw-p 00000000 00:00 0 
82030000-89030000 rw-p 00000000 00:00 0 
89030000-8ad10000 rw-p 00000000 00:00 0 
8ad10000-a5ee0000 rw-p 00000000 00:00 0 
a5ee0000-b1fa0000 rw-p 00000000 00:00 0 
b1fa0000-b4630000 rw-p 00000000 00:00 0 
b4630000-b463b000 rw-p 00000000 00:00 0 
b463b000-b46f0000 rw-p 00000000 00:00 0 
b46f0000-b4980000 rwxp 00000000 00:00 0 
b4980000-b76f0000 rw-p 00000000 00:00 0 
b76f0000-b76f3000 ---p 00000000 00:00 0 
b76f3000-b7744000 rw-p 00000000 00:00 0 
b7744000-b7745000 r--s 00008000 08:06 1164952    /home/simon/.m2/repository/commons-cli/commons-cli/1.1/commons-cli-1.1.jar
b7745000-b7746000 r--s 00008000 08:06 1164972    /home/simon/.m2/repository/net/liftweb/lift-amqp/1.0/lift-amqp-1.0.jar
b7746000-b7749000 r--s 00018000 08:06 435532     /home/simon/.m2/repository/org/scala-tools/maven-scala-plugin/2.14.2/maven-scala-plugin-2.14.2.jar
b7749000-b774c000 r--s 0000f000 08:06 2646044    /usr/lib/jvm/java-6-openjdk/jre/lib/ext/pulse-java.jar
b774c000-b7753000 r--s 00000000 08:06 550662     /usr/lib/gconv/gconv-modules.cache
b7753000-b775b000 rw-s 00000000 08:06 114730     /tmp/hsperfdata_simon/11011
b775b000-b775c000 rw-p 00000000 00:00 0 
b775c000-b775d000 r--p 00000000 00:00 0 
b775d000-b775f000 rw-p 00000000 00:00 0 
bfbe2000-bfbf7000 rw-p 00000000 00:00 0          [stack]

VM Arguments:
jvm_args: -Xbootclasspath/a:/home/simon/.m2/repository/org/scala-lang/scala-library/2.7.3/scala-library-2.7.3.jar 
java_command: org_scala_tools_maven_executions.MainWithArgsInFile scala.tools.nsc.Main /tmp/scala-maven-3828286593556305091.args
Launcher Type: SUN_STANDARD

Environment Variables:
PATH=/usr/local/sbin:/usr/local/bin:/usr/sbin:/usr/bin:/sbin:/bin:/usr/games
USERNAME=simon
LD_LIBRARY_PATH=/usr/lib/jvm/java-6-openjdk/jre/lib/i386/server:/usr/lib/jvm/java-6-openjdk/jre/lib/i386:/usr/lib/jvm/java-6-openjdk/jre/../lib/i386
SHELL=/bin/bash
DISPLAY=:0.0

Signal Handlers:
SIGSEGV: [libjvm.so+0x5ec210], sa_mask[0]=0x7ffbfeff, sa_flags=0x10000004
SIGBUS: [libjvm.so+0x5ec210], sa_mask[0]=0x7ffbfeff, sa_flags=0x10000004
SIGFPE: [libjvm.so+0x4c9420], sa_mask[0]=0x7ffbfeff, sa_flags=0x10000004
SIGPIPE: [libjvm.so+0x4c9420], sa_mask[0]=0x7ffbfeff, sa_flags=0x10000004
SIGXFSZ: [libjvm.so+0x4c9420], sa_mask[0]=0x7ffbfeff, sa_flags=0x10000004
SIGILL: [libjvm.so+0x4c9420], sa_mask[0]=0x7ffbfeff, sa_flags=0x10000004
SIGUSR1: SIG_DFL, sa_mask[0]=0x00000000, sa_flags=0x00000000
SIGUSR2: [libjvm.so+0x4c8b10], sa_mask[0]=0x00000004, sa_flags=0x10000004
SIGHUP: [libjvm.so+0x4cb2c0], sa_mask[0]=0x7ffbfeff, sa_flags=0x10000004
SIGINT: [libjvm.so+0x4cb2c0], sa_mask[0]=0x7ffbfeff, sa_flags=0x10000004
SIGTERM: [libjvm.so+0x4cb2c0], sa_mask[0]=0x7ffbfeff, sa_flags=0x10000004
SIGQUIT: [libjvm.so+0x4cb2c0], sa_mask[0]=0x7ffbfeff, sa_flags=0x10000004


---------------  S Y S T E M  ---------------

OS:Ubuntu 10.04 (lucid)
uname:Linux 2.6.32-25-generic #45-Ubuntu SMP Sat Oct 16 19:48:22 UTC 2010 i686
libc:glibc 2.11.1 NPTL 2.11.1 
rlimit: STACK 8192k, CORE 0k, NPROC infinity, NOFILE 1024, AS infinity
load average:0.89 0.84 0.87

CPU:total 4 (4 cores per cpu, 1 threads per core) family 6 model 23 stepping 10, cmov, cx8, fxsr, mmx, sse, sse2, sse3, ssse3, sse4.1

Memory: 4k page, physical 2836912k(98552k free), swap 104380k(91316k free)

vm_info: OpenJDK Server VM (16.0-b13) for linux-x86 JRE (1.6.0_18-b18), built on Jul 27 2010 11:17:02 by "buildd" with gcc 4.4.3

time: Mon Oct 25 00:26:51 2010
elapsed time: 3 seconds

