#
# A fatal error has been detected by the Java Runtime Environment:
#
#  Internal Error (nmethod.cpp:1847), pid=8248, tid=3078183792
#  Error: guarantee(cont_offset != 0,"unhandled implicit exception in compiled code")
#
# JRE version: 6.0_18-b18
# Java VM: OpenJDK Server VM (16.0-b13 mixed mode linux-x86 )
# Derivative: IcedTea6 1.8.1
# Distribution: Ubuntu 10.04 LTS, package 6b18-1.8.1-0ubuntu1
# If you would like to submit a bug report, please include
# instructions how to reproduce the bug and visit:
#   https://bugs.launchpad.net/ubuntu/+source/openjdk-6/
#

---------------  T H R E A D  ---------------

Current thread (0x08f01800):  JavaThread "main" [_thread_in_Java, id=8251, stack(0xb7745000,0xb7796000)]

Stack: [0xb7745000,0xb7796000],  sp=0xb7790810,  free space=12eb7790864k
Native frames: (J=compiled Java code, j=interpreted, Vv=VM code, C=native code)
V  [libjvm.so+0x5eb585]
V  [libjvm.so+0x5eb7fc]
V  [libjvm.so+0x25acab]
V  [libjvm.so+0x4af440]
V  [libjvm.so+0x5367dd]
V  [libjvm.so+0x4cf312]
V  [libjvm.so+0x4c9446]


---------------  P R O C E S S  ---------------

Java Threads: ( => current thread )
  0x80800c00 JavaThread "Low Memory Detector" daemon [_thread_blocked, id=8262, stack(0x8057b000,0x805cc000)]
  0x08fd4800 JavaThread "CompilerThread1" daemon [_thread_in_native, id=8261, stack(0x805cc000,0x8064d000)]
  0x08fd2000 JavaThread "CompilerThread0" daemon [_thread_in_native, id=8260, stack(0x8064d000,0x806ce000)]
  0x08fd0800 JavaThread "Signal Dispatcher" daemon [_thread_blocked, id=8259, stack(0x806ce000,0x8071f000)]
  0x08fbf000 JavaThread "Finalizer" daemon [_thread_blocked, id=8258, stack(0x8075e000,0x807af000)]
  0x08fba400 JavaThread "Reference Handler" daemon [_thread_blocked, id=8257, stack(0x807af000,0x80800000)]
=>0x08f01800 JavaThread "main" [_thread_in_Java, id=8251, stack(0xb7745000,0xb7796000)]

Other Threads:
  0x08fb7800 VMThread [stack: 0x80912000,0x80993000] [id=8256]
  0x80802c00 WatcherThread [stack: 0x804fa000,0x8057b000] [id=8263]

VM state:not at safepoint (normal execution)

VM Mutex/Monitor currently owned by a thread: None

Heap
 PSYoungGen      total 95104K, used 16327K [0xa5f30000, 0xace30000, 0xb4680000)
  eden space 85568K, 7% used [0xa5f30000,0xa65d3828,0xab2c0000)
  from space 9536K, 99% used [0xabf00000,0xac84e600,0xac850000)
  to   space 12544K, 0% used [0xab2c0000,0xab2c0000,0xabf00000)
 PSOldGen        total 29568K, used 14476K [0x89080000, 0x8ad60000, 0xa5f30000)
  object space 29568K, 48% used [0x89080000,0x89ea3038,0x8ad60000)
 PSPermGen       total 17152K, used 17024K [0x81080000, 0x82140000, 0x89080000)
  object space 17152K, 99% used [0x81080000,0x82120020,0x82140000)

Dynamic libraries:
00110000-00117000 r-xp 00000000 08:06 1441905    /lib/tls/i686/cmov/librt-2.11.1.so
00117000-00118000 r--p 00006000 08:06 1441905    /lib/tls/i686/cmov/librt-2.11.1.so
00118000-00119000 rw-p 00007000 08:06 1441905    /lib/tls/i686/cmov/librt-2.11.1.so
00119000-0012d000 r-xp 00000000 08:06 755890     /usr/lib/jvm/java-6-openjdk/jre/lib/i386/libnet.so
0012d000-0012e000 r--p 00013000 08:06 755890     /usr/lib/jvm/java-6-openjdk/jre/lib/i386/libnet.so
0012e000-0012f000 rw-p 00014000 08:06 755890     /usr/lib/jvm/java-6-openjdk/jre/lib/i386/libnet.so
00137000-0014c000 r-xp 00000000 08:06 1441903    /lib/tls/i686/cmov/libpthread-2.11.1.so
0014c000-0014d000 r--p 00014000 08:06 1441903    /lib/tls/i686/cmov/libpthread-2.11.1.so
0014d000-0014e000 rw-p 00015000 08:06 1441903    /lib/tls/i686/cmov/libpthread-2.11.1.so
0014e000-00150000 rw-p 00000000 00:00 0 
00379000-00385000 r-xp 00000000 08:06 755912     /usr/lib/jvm/java-6-openjdk/jre/lib/i386/libverify.so
00385000-00386000 r--p 0000b000 08:06 755912     /usr/lib/jvm/java-6-openjdk/jre/lib/i386/libverify.so
00386000-00387000 rw-p 0000c000 08:06 755912     /usr/lib/jvm/java-6-openjdk/jre/lib/i386/libverify.so
00419000-00420000 r-xp 00000000 08:06 755929     /usr/lib/jvm/java-6-openjdk/jre/lib/i386/libzip.so
00420000-00421000 r--p 00006000 08:06 755929     /usr/lib/jvm/java-6-openjdk/jre/lib/i386/libzip.so
00421000-00422000 rw-p 00007000 08:06 755929     /usr/lib/jvm/java-6-openjdk/jre/lib/i386/libzip.so
004e4000-00637000 r-xp 00000000 08:06 1441888    /lib/tls/i686/cmov/libc-2.11.1.so
00637000-00638000 ---p 00153000 08:06 1441888    /lib/tls/i686/cmov/libc-2.11.1.so
00638000-0063a000 r--p 00153000 08:06 1441888    /lib/tls/i686/cmov/libc-2.11.1.so
0063a000-0063b000 rw-p 00155000 08:06 1441888    /lib/tls/i686/cmov/libc-2.11.1.so
0063b000-0063e000 rw-p 00000000 00:00 0 
00841000-00848000 r-xp 00000000 08:06 1040390    /usr/lib/jvm/java-6-openjdk/jre/lib/i386/native_threads/libhpi.so
00848000-00849000 r--p 00006000 08:06 1040390    /usr/lib/jvm/java-6-openjdk/jre/lib/i386/native_threads/libhpi.so
00849000-0084a000 rw-p 00007000 08:06 1040390    /usr/lib/jvm/java-6-openjdk/jre/lib/i386/native_threads/libhpi.so
00864000-00888000 r-xp 00000000 08:06 1441893    /lib/tls/i686/cmov/libm-2.11.1.so
00888000-00889000 r--p 00023000 08:06 1441893    /lib/tls/i686/cmov/libm-2.11.1.so
00889000-0088a000 rw-p 00024000 08:06 1441893    /lib/tls/i686/cmov/libm-2.11.1.so
00969000-0097c000 r-xp 00000000 08:06 1425694    /lib/libz.so.1.2.3.3
0097c000-0097d000 r--p 00012000 08:06 1425694    /lib/libz.so.1.2.3.3
0097d000-0097e000 rw-p 00013000 08:06 1425694    /lib/libz.so.1.2.3.3
00b4c000-00b52000 r-xp 00000000 08:06 1441896    /lib/tls/i686/cmov/libnss_compat-2.11.1.so
00b52000-00b53000 r--p 00006000 08:06 1441896    /lib/tls/i686/cmov/libnss_compat-2.11.1.so
00b53000-00b54000 rw-p 00007000 08:06 1441896    /lib/tls/i686/cmov/libnss_compat-2.11.1.so
00b5c000-00b5e000 r-xp 00000000 08:06 1441892    /lib/tls/i686/cmov/libdl-2.11.1.so
00b5e000-00b5f000 r--p 00001000 08:06 1441892    /lib/tls/i686/cmov/libdl-2.11.1.so
00b5f000-00b60000 rw-p 00002000 08:06 1441892    /lib/tls/i686/cmov/libdl-2.11.1.so
00ba0000-00bc4000 r-xp 00000000 08:06 755305     /usr/lib/jvm/java-6-openjdk/jre/lib/i386/libjava.so
00bc4000-00bc5000 r--p 00023000 08:06 755305     /usr/lib/jvm/java-6-openjdk/jre/lib/i386/libjava.so
00bc5000-00bc7000 rw-p 00024000 08:06 755305     /usr/lib/jvm/java-6-openjdk/jre/lib/i386/libjava.so
00bd9000-00bdc000 r-xp 00000000 08:06 1024049    /usr/lib/jvm/java-6-openjdk/jre/lib/i386/jli/libjli.so
00bdc000-00bdd000 r--p 00003000 08:06 1024049    /usr/lib/jvm/java-6-openjdk/jre/lib/i386/jli/libjli.so
00bdd000-00bde000 rw-p 00004000 08:06 1024049    /usr/lib/jvm/java-6-openjdk/jre/lib/i386/jli/libjli.so
00beb000-00bf2000 r-xp 00000000 08:06 755891     /usr/lib/jvm/java-6-openjdk/jre/lib/i386/libnio.so
00bf2000-00bf3000 r--p 00006000 08:06 755891     /usr/lib/jvm/java-6-openjdk/jre/lib/i386/libnio.so
00bf3000-00bf4000 rw-p 00007000 08:06 755891     /usr/lib/jvm/java-6-openjdk/jre/lib/i386/libnio.so
00dc4000-00dcc000 r-xp 00000000 08:06 1441900    /lib/tls/i686/cmov/libnss_nis-2.11.1.so
00dcc000-00dcd000 r--p 00007000 08:06 1441900    /lib/tls/i686/cmov/libnss_nis-2.11.1.so
00dcd000-00dce000 rw-p 00008000 08:06 1441900    /lib/tls/i686/cmov/libnss_nis-2.11.1.so
00e4c000-00e4d000 r-xp 00000000 00:00 0          [vdso]
00e89000-00e9c000 r-xp 00000000 08:06 1441895    /lib/tls/i686/cmov/libnsl-2.11.1.so
00e9c000-00e9d000 r--p 00012000 08:06 1441895    /lib/tls/i686/cmov/libnsl-2.11.1.so
00e9d000-00e9e000 rw-p 00013000 08:06 1441895    /lib/tls/i686/cmov/libnsl-2.11.1.so
00e9e000-00ea0000 rw-p 00000000 00:00 0 
00f8c000-00f96000 r-xp 00000000 08:06 1441898    /lib/tls/i686/cmov/libnss_files-2.11.1.so
00f96000-00f97000 r--p 00009000 08:06 1441898    /lib/tls/i686/cmov/libnss_files-2.11.1.so
00f97000-00f98000 rw-p 0000a000 08:06 1441898    /lib/tls/i686/cmov/libnss_files-2.11.1.so
00fcc000-00fe7000 r-xp 00000000 08:06 1425447    /lib/ld-2.11.1.so
00fe7000-00fe8000 r--p 0001a000 08:06 1425447    /lib/ld-2.11.1.so
00fe8000-00fe9000 rw-p 0001b000 08:06 1425447    /lib/ld-2.11.1.so
00fe9000-0164b000 r-xp 00000000 08:06 1059968    /usr/lib/jvm/java-6-openjdk/jre/lib/i386/server/libjvm.so
0164b000-0168f000 r--p 00661000 08:06 1059968    /usr/lib/jvm/java-6-openjdk/jre/lib/i386/server/libjvm.so
0168f000-0169e000 rw-p 006a5000 08:06 1059968    /usr/lib/jvm/java-6-openjdk/jre/lib/i386/server/libjvm.so
0169e000-01abc000 rw-p 00000000 00:00 0 
08048000-08051000 r-xp 00000000 08:06 820432     /usr/lib/jvm/java-6-openjdk/jre/bin/java
08051000-08052000 r--p 00008000 08:06 820432     /usr/lib/jvm/java-6-openjdk/jre/bin/java
08052000-08053000 rw-p 00009000 08:06 820432     /usr/lib/jvm/java-6-openjdk/jre/bin/java
08efb000-09dfd000 rw-p 00000000 00:00 0          [heap]
7f700000-7f7f2000 rw-p 00000000 00:00 0 
7f7f2000-7f800000 ---p 00000000 00:00 0 
7f800000-7f8e9000 rw-p 00000000 00:00 0 
7f8e9000-7f900000 ---p 00000000 00:00 0 
7f900000-7f9fd000 rw-p 00000000 00:00 0 
7f9fd000-7fa00000 ---p 00000000 00:00 0 
7fa00000-7fafa000 rw-p 00000000 00:00 0 
7fafa000-7fb00000 ---p 00000000 00:00 0 
7fb00000-7fbfe000 rw-p 00000000 00:00 0 
7fbfe000-7fc00000 ---p 00000000 00:00 0 
7fd00000-7fdfb000 rw-p 00000000 00:00 0 
7fdfb000-7fe00000 ---p 00000000 00:00 0 
7fe00000-7fefd000 rw-p 00000000 00:00 0 
7fefd000-7ff00000 ---p 00000000 00:00 0 
7ff00000-7ffe6000 rw-p 00000000 00:00 0 
7ffe6000-80000000 ---p 00000000 00:00 0 
80000000-800e9000 rw-p 00000000 00:00 0 
800e9000-80100000 ---p 00000000 00:00 0 
80100000-801ff000 rw-p 00000000 00:00 0 
801ff000-80200000 ---p 00000000 00:00 0 
80249000-8024b000 r--s 00018000 08:06 305790     /home/simon/.m2/repository/javax/servlet/servlet-api/2.5/servlet-api-2.5.jar
8024b000-80271000 r--s 00230000 08:06 1164950    /home/simon/.m2/repository/org/apache/derby/derby/10.4.2.0/derby-10.4.2.0.jar
80271000-80274000 r--s 0000c000 08:06 305802     /home/simon/.m2/repository/commons-fileupload/commons-fileupload/1.2.1/commons-fileupload-1.2.1.jar
80274000-80275000 r--s 00002000 08:06 1165149    /home/simon/.m2/repository/org/slf4j/slf4j-log4j12/1.5.11/slf4j-log4j12-1.5.11.jar
80275000-80284000 r--s 00074000 08:06 1165136    /home/simon/.m2/repository/joda-time/joda-time/1.6/joda-time-1.6.jar
80284000-80286000 r--s 0000d000 08:06 492944     /home/simon/.m2/repository/commons-codec/commons-codec/1.4/commons-codec-1.4.jar
80286000-80288000 r--s 0000e000 08:06 305795     /home/simon/.m2/repository/javax/activation/activation/1.1/activation-1.1.jar
80288000-8028f000 r--s 00067000 08:06 1165143    /home/simon/.m2/repository/javax/mail/mail/1.4.1/mail-1.4.1.jar
8028f000-80290000 r--s 00006000 08:06 1165137    /home/simon/.m2/repository/com/thoughtworks/paranamer/paranamer/2.0/paranamer-2.0.jar
80290000-80296000 r--s 00049000 08:06 492963     /home/simon/.m2/repository/net/liftweb/lift-json_2.8.0/2.1/lift-json_2.8.0-2.1.jar
80296000-8029d000 r--s 00053000 08:06 305808     /home/simon/.m2/repository/log4j/log4j/1.2.14/log4j-1.2.14.jar
8029d000-8029e000 r--s 00005000 08:06 1165138    /home/simon/.m2/repository/org/slf4j/slf4j-api/1.5.11/slf4j-api-1.5.11.jar
8029e000-802a0000 r--s 00010000 08:06 492960     /home/simon/.m2/repository/net/liftweb/lift-common_2.8.0/2.1/lift-common_2.8.0-2.1.jar
802a0000-802a2000 r--s 0000c000 08:06 492957     /home/simon/.m2/repository/net/liftweb/lift-actor_2.8.0/2.1/lift-actor_2.8.0-2.1.jar
802a2000-802ba000 r--s 000ef000 08:06 492952     /home/simon/.m2/repository/net/liftweb/lift-util_2.8.0/2.1/lift-util_2.8.0-2.1.jar
802ba000-80300000 r--s 00361000 08:06 492949     /home/simon/.m2/repository/net/liftweb/lift-webkit_2.8.0/2.1/lift-webkit_2.8.0-2.1.jar
80300000-803fa000 rw-p 00000000 00:00 0 
803fa000-80400000 ---p 00000000 00:00 0 
80413000-80437000 r--s 001a8000 08:06 492895     /home/simon/.m2/repository/net/liftweb/lift-mapper_2.8.0/2.1/lift-mapper_2.8.0-2.1.jar
80437000-8043a000 r--s 00077000 08:06 2646041    /usr/lib/jvm/java-6-openjdk/jre/lib/ext/localedata.jar
8043a000-8043d000 r--s 00038000 08:06 2646039    /usr/lib/jvm/java-6-openjdk/jre/lib/ext/sunpkcs11.jar
8043d000-80440000 r--s 00031000 08:06 2646042    /usr/lib/jvm/java-6-openjdk/jre/lib/ext/sunjce_provider.jar
80440000-80442000 r--s 00001000 08:06 2646040    /usr/lib/jvm/java-6-openjdk/jre/lib/ext/dnsns.jar
80442000-8044b000 r--s 000b3000 08:06 2670682    /usr/lib/jvm/java-6-openjdk/jre/lib/rhino.jar
8044b000-80459000 r--s 00351000 08:06 2670665    /usr/lib/jvm/java-6-openjdk/jre/lib/charsets.jar
80459000-8045b000 r--s 00013000 08:06 2670671    /usr/lib/jvm/java-6-openjdk/jre/lib/jce.jar
8045b000-80462000 r--s 00101000 08:06 2670681    /usr/lib/jvm/java-6-openjdk/jre/lib/resources.jar
80462000-804fa000 r--s 007ae000 08:06 492966     /home/simon/.m2/repository/org/scala-lang/scala-compiler/2.8.0/scala-compiler-2.8.0.jar
804fa000-804fb000 ---p 00000000 00:00 0 
804fb000-8057b000 rw-p 00000000 00:00 0 
8057b000-8057e000 ---p 00000000 00:00 0 
8057e000-805cc000 rw-p 00000000 00:00 0 
805cc000-805cf000 ---p 00000000 00:00 0 
805cf000-8064d000 rw-p 00000000 00:00 0 
8064d000-80650000 ---p 00000000 00:00 0 
80650000-806ce000 rw-p 00000000 00:00 0 
806ce000-806d1000 ---p 00000000 00:00 0 
806d1000-8071f000 rw-p 00000000 00:00 0 
8071f000-8075e000 r--p 00000000 08:06 647231     /usr/lib/locale/en_AU.utf8/LC_CTYPE
8075e000-80761000 ---p 00000000 00:00 0 
80761000-807af000 rw-p 00000000 00:00 0 
807af000-807b2000 ---p 00000000 00:00 0 
807b2000-80800000 rw-p 00000000 00:00 0 
80800000-808fd000 rw-p 00000000 00:00 0 
808fd000-80900000 ---p 00000000 00:00 0 
80909000-80912000 r--s 00065000 08:06 631330     /usr/share/java/gnome-java-bridge.jar
80912000-80913000 ---p 00000000 00:00 0 
80913000-80993000 rw-p 00000000 00:00 0 
80993000-809f2000 r--s 00582000 08:06 492897     /home/simon/.m2/repository/org/scala-lang/scala-library/2.8.0/scala-library-2.8.0.jar
809f2000-80a25000 rw-p 00000000 00:00 0 
80a25000-80bb8000 r--s 03918000 08:06 2670626    /usr/lib/jvm/java-6-openjdk/jre/lib/rt.jar
80bb8000-80bb9000 ---p 00000000 00:00 0 
80bb9000-80c39000 rw-p 00000000 00:00 0 
80c39000-80c3a000 ---p 00000000 00:00 0 
80c3a000-80cba000 rw-p 00000000 00:00 0 
80cba000-80cbb000 ---p 00000000 00:00 0 
80cbb000-80d3b000 rw-p 00000000 00:00 0 
80d3b000-80d3c000 ---p 00000000 00:00 0 
80d3c000-80dc5000 rw-p 00000000 00:00 0 
80dc5000-80dfc000 rw-p 00000000 00:00 0 
80dfc000-80e0b000 rw-p 00000000 00:00 0 
80e0b000-80ee4000 rw-p 00000000 00:00 0 
80ee4000-80eed000 rw-p 00000000 00:00 0 
80eed000-80f24000 rw-p 00000000 00:00 0 
80f24000-80f33000 rw-p 00000000 00:00 0 
80f33000-8100b000 rw-p 00000000 00:00 0 
8100b000-81043000 rw-p 00000000 00:00 0 
81043000-8107f000 rw-p 00000000 00:00 0 
8107f000-82140000 rw-p 00000000 00:00 0 
82140000-89080000 rw-p 00000000 00:00 0 
89080000-8ad60000 rw-p 00000000 00:00 0 
8ad60000-a5f30000 rw-p 00000000 00:00 0 
a5f30000-ace30000 rw-p 00000000 00:00 0 
ace30000-b4680000 rw-p 00000000 00:00 0 
b4682000-b4685000 r--s 0007a000 08:06 2670673    /usr/lib/jvm/java-6-openjdk/jre/lib/jsse.jar
b4685000-b4690000 rw-p 00000000 00:00 0 
b4690000-b4745000 rw-p 00000000 00:00 0 
b4745000-b49ed000 rwxp 00000000 00:00 0 
b49ed000-b7745000 rw-p 00000000 00:00 0 
b7745000-b7748000 ---p 00000000 00:00 0 
b7748000-b7799000 rw-p 00000000 00:00 0 
b779b000-b779e000 r--s 00018000 08:06 510368     /home/simon/.m2/repository/org/scala-tools/maven-scala-plugin/2.14.3/maven-scala-plugin-2.14.3.jar
b779e000-b77a1000 r--s 0000f000 08:06 2646044    /usr/lib/jvm/java-6-openjdk/jre/lib/ext/pulse-java.jar
b77a1000-b77a8000 r--s 00000000 08:06 550662     /usr/lib/gconv/gconv-modules.cache
b77a8000-b77b0000 rw-s 00000000 08:06 107544     /tmp/hsperfdata_simon/8248
b77b0000-b77b1000 rw-p 00000000 00:00 0 
b77b1000-b77b2000 r--p 00000000 00:00 0 
b77b2000-b77b4000 rw-p 00000000 00:00 0 
bf8e6000-bf8fb000 rw-p 00000000 00:00 0          [stack]

VM Arguments:
jvm_args: -Xbootclasspath/a:/home/simon/.m2/repository/org/scala-lang/scala-library/2.8.0/scala-library-2.8.0.jar 
java_command: org_scala_tools_maven_executions.MainWithArgsInFile scala.tools.nsc.Main /tmp/scala-maven-2190271243405725119.args
Launcher Type: SUN_STANDARD

Environment Variables:
PATH=/usr/local/sbin:/usr/local/bin:/usr/sbin:/usr/bin:/sbin:/bin:/usr/games
USERNAME=simon
LD_LIBRARY_PATH=/usr/lib/jvm/java-6-openjdk/jre/lib/i386/server:/usr/lib/jvm/java-6-openjdk/jre/lib/i386:/usr/lib/jvm/java-6-openjdk/jre/../lib/i386
SHELL=/bin/bash
DISPLAY=:0.0

Signal Handlers:
SIGSEGV: [libjvm.so+0x5ec210], sa_mask[0]=0x7ffbfeff, sa_flags=0x10000004
SIGBUS: [libjvm.so+0x5ec210], sa_mask[0]=0x7ffbfeff, sa_flags=0x10000004
SIGFPE: [libjvm.so+0x4c9420], sa_mask[0]=0x7ffbfeff, sa_flags=0x10000004
SIGPIPE: [libjvm.so+0x4c9420], sa_mask[0]=0x7ffbfeff, sa_flags=0x10000004
SIGXFSZ: [libjvm.so+0x4c9420], sa_mask[0]=0x7ffbfeff, sa_flags=0x10000004
SIGILL: [libjvm.so+0x4c9420], sa_mask[0]=0x7ffbfeff, sa_flags=0x10000004
SIGUSR1: SIG_DFL, sa_mask[0]=0x00000000, sa_flags=0x00000000
SIGUSR2: [libjvm.so+0x4c8b10], sa_mask[0]=0x00000004, sa_flags=0x10000004
SIGHUP: [libjvm.so+0x4cb2c0], sa_mask[0]=0x7ffbfeff, sa_flags=0x10000004
SIGINT: [libjvm.so+0x4cb2c0], sa_mask[0]=0x7ffbfeff, sa_flags=0x10000004
SIGTERM: [libjvm.so+0x4cb2c0], sa_mask[0]=0x7ffbfeff, sa_flags=0x10000004
SIGQUIT: [libjvm.so+0x4cb2c0], sa_mask[0]=0x7ffbfeff, sa_flags=0x10000004


---------------  S Y S T E M  ---------------

OS:Ubuntu 10.04 (lucid)
uname:Linux 2.6.32-25-generic #45-Ubuntu SMP Sat Oct 16 19:48:22 UTC 2010 i686
libc:glibc 2.11.1 NPTL 2.11.1 
rlimit: STACK 8192k, CORE 0k, NPROC infinity, NOFILE 1024, AS infinity
load average:1.20 1.09 0.94

CPU:total 4 (4 cores per cpu, 1 threads per core) family 6 model 23 stepping 10, cmov, cx8, fxsr, mmx, sse, sse2, sse3, ssse3, sse4.1

Memory: 4k page, physical 2836912k(199272k free), swap 104380k(24328k free)

vm_info: OpenJDK Server VM (16.0-b13) for linux-x86 JRE (1.6.0_18-b18), built on Jul 27 2010 11:17:02 by "buildd" with gcc 4.4.3

time: Fri Oct 29 01:34:31 2010
elapsed time: 4 seconds

