#
# A fatal error has been detected by the Java Runtime Environment:
#
#  Internal Error (nmethod.cpp:1847), pid=7557, tid=3078429552
#  Error: guarantee(cont_offset != 0,"unhandled implicit exception in compiled code")
#
# JRE version: 6.0_18-b18
# Java VM: OpenJDK Server VM (16.0-b13 mixed mode linux-x86 )
# Derivative: IcedTea6 1.8.1
# Distribution: Ubuntu 10.04 LTS, package 6b18-1.8.1-0ubuntu1
# If you would like to submit a bug report, please include
# instructions how to reproduce the bug and visit:
#   https://bugs.launchpad.net/ubuntu/+source/openjdk-6/
#

---------------  T H R E A D  ---------------

Current thread (0x08fc4800):  JavaThread "main" [_thread_in_Java, id=7560, stack(0xb7781000,0xb77d2000)]

Stack: [0xb7781000,0xb77d2000],  sp=0xb77cec30,  free space=137b77cec84k
Native frames: (J=compiled Java code, j=interpreted, Vv=VM code, C=native code)
V  [libjvm.so+0x5eb585]
V  [libjvm.so+0x5eb7fc]
V  [libjvm.so+0x25acab]
V  [libjvm.so+0x4af440]
V  [libjvm.so+0x5367dd]
V  [libjvm.so+0x4cf312]
V  [libjvm.so+0x4c9446]


---------------  P R O C E S S  ---------------

Java Threads: ( => current thread )
  0x80600c00 JavaThread "Low Memory Detector" daemon [_thread_blocked, id=7571, stack(0x805af000,0x80600000)]
  0x09097800 JavaThread "CompilerThread1" daemon [_thread_in_native, id=7570, stack(0x8071e000,0x8079f000)]
  0x09095000 JavaThread "CompilerThread0" daemon [_thread_in_native, id=7569, stack(0x8079f000,0x80820000)]
  0x09093800 JavaThread "Signal Dispatcher" daemon [_thread_blocked, id=7568, stack(0x80820000,0x80871000)]
  0x09082000 JavaThread "Finalizer" daemon [_thread_blocked, id=7567, stack(0x808b0000,0x80901000)]
  0x0907d400 JavaThread "Reference Handler" daemon [_thread_blocked, id=7566, stack(0x80901000,0x80952000)]
=>0x08fc4800 JavaThread "main" [_thread_in_Java, id=7560, stack(0xb7781000,0xb77d2000)]

Other Threads:
  0x0907a800 VMThread [stack: 0x80952000,0x809d3000] [id=7565]
  0x80602c00 WatcherThread [stack: 0x8052e000,0x805af000] [id=7572]

VM state:not at safepoint (normal execution)

VM Mutex/Monitor currently owned by a thread: None

Heap
 PSYoungGen      total 98112K, used 27724K [0xa5f70000, 0xb01b0000, 0xb46c0000)
  eden space 85568K, 17% used [0xa5f70000,0xa6e79ad8,0xab300000)
  from space 12544K, 98% used [0xab300000,0xabf09748,0xabf40000)
  to   space 14592K, 0% used [0xaf370000,0xaf370000,0xb01b0000)
 PSOldGen        total 29568K, used 16936K [0x890c0000, 0x8ada0000, 0xa5f70000)
  object space 29568K, 57% used [0x890c0000,0x8a14a228,0x8ada0000)
 PSPermGen       total 18432K, used 18425K [0x810c0000, 0x822c0000, 0x890c0000)
  object space 18432K, 99% used [0x810c0000,0x822be668,0x822c0000)

Dynamic libraries:
00115000-0012a000 r-xp 00000000 08:06 1441903    /lib/tls/i686/cmov/libpthread-2.11.1.so
0012a000-0012b000 r--p 00014000 08:06 1441903    /lib/tls/i686/cmov/libpthread-2.11.1.so
0012b000-0012c000 rw-p 00015000 08:06 1441903    /lib/tls/i686/cmov/libpthread-2.11.1.so
0012c000-0012e000 rw-p 00000000 00:00 0 
0012e000-00152000 r-xp 00000000 08:06 755305     /usr/lib/jvm/java-6-openjdk/jre/lib/i386/libjava.so
00152000-00153000 r--p 00023000 08:06 755305     /usr/lib/jvm/java-6-openjdk/jre/lib/i386/libjava.so
00153000-00155000 rw-p 00024000 08:06 755305     /usr/lib/jvm/java-6-openjdk/jre/lib/i386/libjava.so
00155000-0015c000 r-xp 00000000 08:06 1040390    /usr/lib/jvm/java-6-openjdk/jre/lib/i386/native_threads/libhpi.so
0015c000-0015d000 r--p 00006000 08:06 1040390    /usr/lib/jvm/java-6-openjdk/jre/lib/i386/native_threads/libhpi.so
0015d000-0015e000 rw-p 00007000 08:06 1040390    /usr/lib/jvm/java-6-openjdk/jre/lib/i386/native_threads/libhpi.so
0015e000-00165000 r-xp 00000000 08:06 755891     /usr/lib/jvm/java-6-openjdk/jre/lib/i386/libnio.so
00165000-00166000 r--p 00006000 08:06 755891     /usr/lib/jvm/java-6-openjdk/jre/lib/i386/libnio.so
00166000-00167000 rw-p 00007000 08:06 755891     /usr/lib/jvm/java-6-openjdk/jre/lib/i386/libnio.so
0027a000-0029e000 r-xp 00000000 08:06 1441893    /lib/tls/i686/cmov/libm-2.11.1.so
0029e000-0029f000 r--p 00023000 08:06 1441893    /lib/tls/i686/cmov/libm-2.11.1.so
0029f000-002a0000 rw-p 00024000 08:06 1441893    /lib/tls/i686/cmov/libm-2.11.1.so
002a0000-002a6000 r-xp 00000000 08:06 1441896    /lib/tls/i686/cmov/libnss_compat-2.11.1.so
002a6000-002a7000 r--p 00006000 08:06 1441896    /lib/tls/i686/cmov/libnss_compat-2.11.1.so
002a7000-002a8000 rw-p 00007000 08:06 1441896    /lib/tls/i686/cmov/libnss_compat-2.11.1.so
003f9000-00414000 r-xp 00000000 08:06 1425447    /lib/ld-2.11.1.so
00414000-00415000 r--p 0001a000 08:06 1425447    /lib/ld-2.11.1.so
00415000-00416000 rw-p 0001b000 08:06 1425447    /lib/ld-2.11.1.so
00423000-00437000 r-xp 00000000 08:06 755890     /usr/lib/jvm/java-6-openjdk/jre/lib/i386/libnet.so
00437000-00438000 r--p 00013000 08:06 755890     /usr/lib/jvm/java-6-openjdk/jre/lib/i386/libnet.so
00438000-00439000 rw-p 00014000 08:06 755890     /usr/lib/jvm/java-6-openjdk/jre/lib/i386/libnet.so
0047f000-00492000 r-xp 00000000 08:06 1425694    /lib/libz.so.1.2.3.3
00492000-00493000 r--p 00012000 08:06 1425694    /lib/libz.so.1.2.3.3
00493000-00494000 rw-p 00013000 08:06 1425694    /lib/libz.so.1.2.3.3
004cc000-004cd000 r-xp 00000000 00:00 0          [vdso]
005b2000-00705000 r-xp 00000000 08:06 1441888    /lib/tls/i686/cmov/libc-2.11.1.so
00705000-00706000 ---p 00153000 08:06 1441888    /lib/tls/i686/cmov/libc-2.11.1.so
00706000-00708000 r--p 00153000 08:06 1441888    /lib/tls/i686/cmov/libc-2.11.1.so
00708000-00709000 rw-p 00155000 08:06 1441888    /lib/tls/i686/cmov/libc-2.11.1.so
00709000-0070c000 rw-p 00000000 00:00 0 
007dd000-007e4000 r-xp 00000000 08:06 1441905    /lib/tls/i686/cmov/librt-2.11.1.so
007e4000-007e5000 r--p 00006000 08:06 1441905    /lib/tls/i686/cmov/librt-2.11.1.so
007e5000-007e6000 rw-p 00007000 08:06 1441905    /lib/tls/i686/cmov/librt-2.11.1.so
008d6000-008dd000 r-xp 00000000 08:06 755929     /usr/lib/jvm/java-6-openjdk/jre/lib/i386/libzip.so
008dd000-008de000 r--p 00006000 08:06 755929     /usr/lib/jvm/java-6-openjdk/jre/lib/i386/libzip.so
008de000-008df000 rw-p 00007000 08:06 755929     /usr/lib/jvm/java-6-openjdk/jre/lib/i386/libzip.so
00920000-00922000 r-xp 00000000 08:06 1441892    /lib/tls/i686/cmov/libdl-2.11.1.so
00922000-00923000 r--p 00001000 08:06 1441892    /lib/tls/i686/cmov/libdl-2.11.1.so
00923000-00924000 rw-p 00002000 08:06 1441892    /lib/tls/i686/cmov/libdl-2.11.1.so
009fb000-00a03000 r-xp 00000000 08:06 1441900    /lib/tls/i686/cmov/libnss_nis-2.11.1.so
00a03000-00a04000 r--p 00007000 08:06 1441900    /lib/tls/i686/cmov/libnss_nis-2.11.1.so
00a04000-00a05000 rw-p 00008000 08:06 1441900    /lib/tls/i686/cmov/libnss_nis-2.11.1.so
00a11000-00a1d000 r-xp 00000000 08:06 755912     /usr/lib/jvm/java-6-openjdk/jre/lib/i386/libverify.so
00a1d000-00a1e000 r--p 0000b000 08:06 755912     /usr/lib/jvm/java-6-openjdk/jre/lib/i386/libverify.so
00a1e000-00a1f000 rw-p 0000c000 08:06 755912     /usr/lib/jvm/java-6-openjdk/jre/lib/i386/libverify.so
00a95000-00a9f000 r-xp 00000000 08:06 1441898    /lib/tls/i686/cmov/libnss_files-2.11.1.so
00a9f000-00aa0000 r--p 00009000 08:06 1441898    /lib/tls/i686/cmov/libnss_files-2.11.1.so
00aa0000-00aa1000 rw-p 0000a000 08:06 1441898    /lib/tls/i686/cmov/libnss_files-2.11.1.so
00c34000-00c47000 r-xp 00000000 08:06 1441895    /lib/tls/i686/cmov/libnsl-2.11.1.so
00c47000-00c48000 r--p 00012000 08:06 1441895    /lib/tls/i686/cmov/libnsl-2.11.1.so
00c48000-00c49000 rw-p 00013000 08:06 1441895    /lib/tls/i686/cmov/libnsl-2.11.1.so
00c49000-00c4b000 rw-p 00000000 00:00 0 
00d8c000-00d8f000 r-xp 00000000 08:06 1024049    /usr/lib/jvm/java-6-openjdk/jre/lib/i386/jli/libjli.so
00d8f000-00d90000 r--p 00003000 08:06 1024049    /usr/lib/jvm/java-6-openjdk/jre/lib/i386/jli/libjli.so
00d90000-00d91000 rw-p 00004000 08:06 1024049    /usr/lib/jvm/java-6-openjdk/jre/lib/i386/jli/libjli.so
00d91000-013f3000 r-xp 00000000 08:06 1059968    /usr/lib/jvm/java-6-openjdk/jre/lib/i386/server/libjvm.so
013f3000-01437000 r--p 00661000 08:06 1059968    /usr/lib/jvm/java-6-openjdk/jre/lib/i386/server/libjvm.so
01437000-01446000 rw-p 006a5000 08:06 1059968    /usr/lib/jvm/java-6-openjdk/jre/lib/i386/server/libjvm.so
01446000-01864000 rw-p 00000000 00:00 0 
08048000-08051000 r-xp 00000000 08:06 820432     /usr/lib/jvm/java-6-openjdk/jre/bin/java
08051000-08052000 r--p 00008000 08:06 820432     /usr/lib/jvm/java-6-openjdk/jre/bin/java
08052000-08053000 rw-p 00009000 08:06 820432     /usr/lib/jvm/java-6-openjdk/jre/bin/java
08fbe000-0a4f4000 rw-p 00000000 00:00 0          [heap]
7ee00000-7ee7b000 rw-p 00000000 00:00 0 
7ee7b000-7ef00000 ---p 00000000 00:00 0 
7f000000-7f0f2000 rw-p 00000000 00:00 0 
7f0f2000-7f100000 ---p 00000000 00:00 0 
7f100000-7f1ec000 rw-p 00000000 00:00 0 
7f1ec000-7f200000 ---p 00000000 00:00 0 
7f200000-7f2e2000 rw-p 00000000 00:00 0 
7f2e2000-7f300000 ---p 00000000 00:00 0 
7f300000-7f3ef000 rw-p 00000000 00:00 0 
7f3ef000-7f400000 ---p 00000000 00:00 0 
7f400000-7f4f3000 rw-p 00000000 00:00 0 
7f4f3000-7f500000 ---p 00000000 00:00 0 
7f600000-7f6fa000 rw-p 00000000 00:00 0 
7f6fa000-7f700000 ---p 00000000 00:00 0 
7f800000-7f8fa000 rw-p 00000000 00:00 0 
7f8fa000-7f900000 ---p 00000000 00:00 0 
7f900000-7f9f9000 rw-p 00000000 00:00 0 
7f9f9000-7fa00000 ---p 00000000 00:00 0 
7fa00000-7faf8000 rw-p 00000000 00:00 0 
7faf8000-7fb00000 ---p 00000000 00:00 0 
7fc00000-7fcfd000 rw-p 00000000 00:00 0 
7fcfd000-7fd00000 ---p 00000000 00:00 0 
7fe00000-7fee4000 rw-p 00000000 00:00 0 
7fee4000-7ff00000 ---p 00000000 00:00 0 
7ff00000-7ffff000 rw-p 00000000 00:00 0 
7ffff000-80000000 ---p 00000000 00:00 0 
80100000-801f2000 rw-p 00000000 00:00 0 
801f2000-80200000 ---p 00000000 00:00 0 
802a2000-802a4000 r--s 00018000 08:06 305790     /home/simon/.m2/repository/javax/servlet/servlet-api/2.5/servlet-api-2.5.jar
802a4000-802ca000 r--s 00230000 08:06 1164950    /home/simon/.m2/repository/org/apache/derby/derby/10.4.2.0/derby-10.4.2.0.jar
802ca000-802cd000 r--s 0000c000 08:06 305802     /home/simon/.m2/repository/commons-fileupload/commons-fileupload/1.2.1/commons-fileupload-1.2.1.jar
802cd000-802ce000 r--s 00002000 08:06 1165149    /home/simon/.m2/repository/org/slf4j/slf4j-log4j12/1.5.11/slf4j-log4j12-1.5.11.jar
802ce000-802dd000 r--s 00074000 08:06 1165136    /home/simon/.m2/repository/joda-time/joda-time/1.6/joda-time-1.6.jar
802dd000-802df000 r--s 0000d000 08:06 492944     /home/simon/.m2/repository/commons-codec/commons-codec/1.4/commons-codec-1.4.jar
802df000-802e1000 r--s 0000e000 08:06 305795     /home/simon/.m2/repository/javax/activation/activation/1.1/activation-1.1.jar
802e1000-802e8000 r--s 00067000 08:06 1165143    /home/simon/.m2/repository/javax/mail/mail/1.4.1/mail-1.4.1.jar
802e8000-80300000 r--s 000ef000 08:06 492952     /home/simon/.m2/repository/net/liftweb/lift-util_2.8.0/2.1/lift-util_2.8.0-2.1.jar
80300000-803fc000 rw-p 00000000 00:00 0 
803fc000-80400000 ---p 00000000 00:00 0 
80401000-80447000 r--s 00361000 08:06 492949     /home/simon/.m2/repository/net/liftweb/lift-webkit_2.8.0/2.1/lift-webkit_2.8.0-2.1.jar
80447000-8046b000 r--s 001a8000 08:06 492895     /home/simon/.m2/repository/net/liftweb/lift-mapper_2.8.0/2.1/lift-mapper_2.8.0-2.1.jar
8046b000-8046e000 r--s 00077000 08:06 2646041    /usr/lib/jvm/java-6-openjdk/jre/lib/ext/localedata.jar
8046e000-80471000 r--s 00038000 08:06 2646039    /usr/lib/jvm/java-6-openjdk/jre/lib/ext/sunpkcs11.jar
80471000-80474000 r--s 00031000 08:06 2646042    /usr/lib/jvm/java-6-openjdk/jre/lib/ext/sunjce_provider.jar
80474000-80476000 r--s 00001000 08:06 2646040    /usr/lib/jvm/java-6-openjdk/jre/lib/ext/dnsns.jar
80476000-8047f000 r--s 000b3000 08:06 2670682    /usr/lib/jvm/java-6-openjdk/jre/lib/rhino.jar
8047f000-8048d000 r--s 00351000 08:06 2670665    /usr/lib/jvm/java-6-openjdk/jre/lib/charsets.jar
8048d000-8048f000 r--s 00013000 08:06 2670671    /usr/lib/jvm/java-6-openjdk/jre/lib/jce.jar
8048f000-80496000 r--s 00101000 08:06 2670681    /usr/lib/jvm/java-6-openjdk/jre/lib/resources.jar
80496000-8052e000 r--s 007ae000 08:06 492966     /home/simon/.m2/repository/org/scala-lang/scala-compiler/2.8.0/scala-compiler-2.8.0.jar
8052e000-8052f000 ---p 00000000 00:00 0 
8052f000-805af000 rw-p 00000000 00:00 0 
805af000-805b2000 ---p 00000000 00:00 0 
805b2000-80600000 rw-p 00000000 00:00 0 
80600000-806fd000 rw-p 00000000 00:00 0 
806fd000-80700000 ---p 00000000 00:00 0 
80701000-80702000 r--s 00006000 08:06 1165137    /home/simon/.m2/repository/com/thoughtworks/paranamer/paranamer/2.0/paranamer-2.0.jar
80702000-80708000 r--s 00049000 08:06 492963     /home/simon/.m2/repository/net/liftweb/lift-json_2.8.0/2.1/lift-json_2.8.0-2.1.jar
80708000-8070f000 r--s 00053000 08:06 305808     /home/simon/.m2/repository/log4j/log4j/1.2.14/log4j-1.2.14.jar
8070f000-80710000 r--s 00005000 08:06 1165138    /home/simon/.m2/repository/org/slf4j/slf4j-api/1.5.11/slf4j-api-1.5.11.jar
80710000-80712000 r--s 00010000 08:06 492960     /home/simon/.m2/repository/net/liftweb/lift-common_2.8.0/2.1/lift-common_2.8.0-2.1.jar
80712000-80715000 r--s 0007a000 08:06 2670673    /usr/lib/jvm/java-6-openjdk/jre/lib/jsse.jar
80715000-8071e000 r--s 00065000 08:06 631330     /usr/share/java/gnome-java-bridge.jar
8071e000-80721000 ---p 00000000 00:00 0 
80721000-8079f000 rw-p 00000000 00:00 0 
8079f000-807a2000 ---p 00000000 00:00 0 
807a2000-80820000 rw-p 00000000 00:00 0 
80820000-80823000 ---p 00000000 00:00 0 
80823000-80871000 rw-p 00000000 00:00 0 
80871000-808b0000 r--p 00000000 08:06 647231     /usr/lib/locale/en_AU.utf8/LC_CTYPE
808b0000-808b3000 ---p 00000000 00:00 0 
808b3000-80901000 rw-p 00000000 00:00 0 
80901000-80904000 ---p 00000000 00:00 0 
80904000-80952000 rw-p 00000000 00:00 0 
80952000-80953000 ---p 00000000 00:00 0 
80953000-809d3000 rw-p 00000000 00:00 0 
809d3000-80a32000 r--s 00582000 08:06 492897     /home/simon/.m2/repository/org/scala-lang/scala-library/2.8.0/scala-library-2.8.0.jar
80a32000-80a65000 rw-p 00000000 00:00 0 
80a65000-80bf8000 r--s 03918000 08:06 2670626    /usr/lib/jvm/java-6-openjdk/jre/lib/rt.jar
80bf8000-80bf9000 ---p 00000000 00:00 0 
80bf9000-80c79000 rw-p 00000000 00:00 0 
80c79000-80c7a000 ---p 00000000 00:00 0 
80c7a000-80cfa000 rw-p 00000000 00:00 0 
80cfa000-80cfb000 ---p 00000000 00:00 0 
80cfb000-80d7b000 rw-p 00000000 00:00 0 
80d7b000-80d7c000 ---p 00000000 00:00 0 
80d7c000-80e05000 rw-p 00000000 00:00 0 
80e05000-80e3c000 rw-p 00000000 00:00 0 
80e3c000-80e4b000 rw-p 00000000 00:00 0 
80e4b000-80f24000 rw-p 00000000 00:00 0 
80f24000-80f2d000 rw-p 00000000 00:00 0 
80f2d000-80f64000 rw-p 00000000 00:00 0 
80f64000-80f73000 rw-p 00000000 00:00 0 
80f73000-8104b000 rw-p 00000000 00:00 0 
8104b000-8109d000 rw-p 00000000 00:00 0 
8109d000-810bf000 rw-p 00000000 00:00 0 
810bf000-822c0000 rw-p 00000000 00:00 0 
822c0000-890c0000 rw-p 00000000 00:00 0 
890c0000-8ada0000 rw-p 00000000 00:00 0 
8ada0000-a5f70000 rw-p 00000000 00:00 0 
a5f70000-b01b0000 rw-p 00000000 00:00 0 
b01b0000-b46c0000 rw-p 00000000 00:00 0 
b46c1000-b46d9000 rw-p 00000000 00:00 0 
b46d9000-b4781000 rw-p 00000000 00:00 0 
b4781000-b4d69000 rwxp 00000000 00:00 0 
b4d69000-b7781000 rw-p 00000000 00:00 0 
b7781000-b7784000 ---p 00000000 00:00 0 
b7784000-b77d5000 rw-p 00000000 00:00 0 
b77d5000-b77d7000 r--s 0000c000 08:06 492957     /home/simon/.m2/repository/net/liftweb/lift-actor_2.8.0/2.1/lift-actor_2.8.0-2.1.jar
b77d7000-b77da000 r--s 00018000 08:06 510368     /home/simon/.m2/repository/org/scala-tools/maven-scala-plugin/2.14.3/maven-scala-plugin-2.14.3.jar
b77da000-b77dd000 r--s 0000f000 08:06 2646044    /usr/lib/jvm/java-6-openjdk/jre/lib/ext/pulse-java.jar
b77dd000-b77e4000 r--s 00000000 08:06 550662     /usr/lib/gconv/gconv-modules.cache
b77e4000-b77ec000 rw-s 00000000 08:06 107544     /tmp/hsperfdata_simon/7557
b77ec000-b77ed000 rw-p 00000000 00:00 0 
b77ed000-b77ee000 r--p 00000000 00:00 0 
b77ee000-b77f0000 rw-p 00000000 00:00 0 
bfb24000-bfb39000 rw-p 00000000 00:00 0          [stack]

VM Arguments:
jvm_args: -Xbootclasspath/a:/home/simon/.m2/repository/org/scala-lang/scala-library/2.8.0/scala-library-2.8.0.jar 
java_command: org_scala_tools_maven_executions.MainWithArgsInFile scala.tools.nsc.Main /tmp/scala-maven-1544474550813997470.args
Launcher Type: SUN_STANDARD

Environment Variables:
PATH=/usr/local/sbin:/usr/local/bin:/usr/sbin:/usr/bin:/sbin:/bin:/usr/games
USERNAME=simon
LD_LIBRARY_PATH=/usr/lib/jvm/java-6-openjdk/jre/lib/i386/server:/usr/lib/jvm/java-6-openjdk/jre/lib/i386:/usr/lib/jvm/java-6-openjdk/jre/../lib/i386
SHELL=/bin/bash
DISPLAY=:0.0

Signal Handlers:
SIGSEGV: [libjvm.so+0x5ec210], sa_mask[0]=0x7ffbfeff, sa_flags=0x10000004
SIGBUS: [libjvm.so+0x5ec210], sa_mask[0]=0x7ffbfeff, sa_flags=0x10000004
SIGFPE: [libjvm.so+0x4c9420], sa_mask[0]=0x7ffbfeff, sa_flags=0x10000004
SIGPIPE: [libjvm.so+0x4c9420], sa_mask[0]=0x7ffbfeff, sa_flags=0x10000004
SIGXFSZ: [libjvm.so+0x4c9420], sa_mask[0]=0x7ffbfeff, sa_flags=0x10000004
SIGILL: [libjvm.so+0x4c9420], sa_mask[0]=0x7ffbfeff, sa_flags=0x10000004
SIGUSR1: SIG_DFL, sa_mask[0]=0x00000000, sa_flags=0x00000000
SIGUSR2: [libjvm.so+0x4c8b10], sa_mask[0]=0x00000004, sa_flags=0x10000004
SIGHUP: [libjvm.so+0x4cb2c0], sa_mask[0]=0x7ffbfeff, sa_flags=0x10000004
SIGINT: [libjvm.so+0x4cb2c0], sa_mask[0]=0x7ffbfeff, sa_flags=0x10000004
SIGTERM: [libjvm.so+0x4cb2c0], sa_mask[0]=0x7ffbfeff, sa_flags=0x10000004
SIGQUIT: [libjvm.so+0x4cb2c0], sa_mask[0]=0x7ffbfeff, sa_flags=0x10000004


---------------  S Y S T E M  ---------------

OS:Ubuntu 10.04 (lucid)
uname:Linux 2.6.32-25-generic #45-Ubuntu SMP Sat Oct 16 19:48:22 UTC 2010 i686
libc:glibc 2.11.1 NPTL 2.11.1 
rlimit: STACK 8192k, CORE 0k, NPROC infinity, NOFILE 1024, AS infinity
load average:0.88 0.92 0.93

CPU:total 4 (4 cores per cpu, 1 threads per core) family 6 model 23 stepping 10, cmov, cx8, fxsr, mmx, sse, sse2, sse3, ssse3, sse4.1

Memory: 4k page, physical 2836912k(119360k free), swap 104380k(49876k free)

vm_info: OpenJDK Server VM (16.0-b13) for linux-x86 JRE (1.6.0_18-b18), built on Jul 27 2010 11:17:02 by "buildd" with gcc 4.4.3

time: Fri Oct 29 00:59:10 2010
elapsed time: 7 seconds

