#
# A fatal error has been detected by the Java Runtime Environment:
#
#  Internal Error (nmethod.cpp:1847), pid=4140, tid=3079068528
#  Error: guarantee(cont_offset != 0,"unhandled implicit exception in compiled code")
#
# JRE version: 6.0_18-b18
# Java VM: OpenJDK Server VM (16.0-b13 mixed mode linux-x86 )
# Derivative: IcedTea6 1.8.1
# Distribution: Ubuntu 10.04 LTS, package 6b18-1.8.1-0ubuntu1
# If you would like to submit a bug report, please include
# instructions how to reproduce the bug and visit:
#   https://bugs.launchpad.net/ubuntu/+source/openjdk-6/
#

---------------  T H R E A D  ---------------

Current thread (0x096d4800):  JavaThread "main" [_thread_in_Java, id=4143, stack(0xb781d000,0xb786e000)]

Stack: [0xb781d000,0xb786e000],  sp=0xb7869a00,  free space=132b7869a54k
Native frames: (J=compiled Java code, j=interpreted, Vv=VM code, C=native code)
V  [libjvm.so+0x5eb585]
V  [libjvm.so+0x5eb7fc]
V  [libjvm.so+0x25acab]
V  [libjvm.so+0x4af440]
V  [libjvm.so+0x5367dd]
V  [libjvm.so+0x4cf312]
V  [libjvm.so+0x4c9446]
C  [+0x410]  __kernel_rt_sigreturn+0x0
j  scala.tools.nsc.transform.Erasure$Eraser.adapt(Lscala/tools/nsc/ast/Trees$Tree;ILscala/tools/nsc/symtab/Types$Type;)Lscala/tools/nsc/ast/Trees$Tree;+3
j  scala.tools.nsc.typechecker.Typers$Typer.typed(Lscala/tools/nsc/ast/Trees$Tree;ILscala/tools/nsc/symtab/Types$Type;)Lscala/tools/nsc/ast/Trees$Tree;+214
j  scala.tools.nsc.typechecker.Typers$Typer.typedQualifier(Lscala/tools/nsc/ast/Trees$Tree;I)Lscala/tools/nsc/ast/Trees$Tree;+57
j  scala.tools.nsc.typechecker.Typers$Typer.typed1(Lscala/tools/nsc/ast/Trees$Tree;ILscala/tools/nsc/symtab/Types$Type;)Lscala/tools/nsc/ast/Trees$Tree;+3407
j  scala.tools.nsc.transform.Erasure$Eraser.liftedTree1$1(Lscala/tools/nsc/ast/Trees$Tree;ILscala/tools/nsc/symtab/Types$Type;)Lscala/tools/nsc/ast/Trees$Tree;+11
j  scala.tools.nsc.transform.Erasure$Eraser.typed1(Lscala/tools/nsc/ast/Trees$Tree;ILscala/tools/nsc/symtab/Types$Type;)Lscala/tools/nsc/ast/Trees$Tree;+8
j  scala.tools.nsc.typechecker.Typers$Typer.typed(Lscala/tools/nsc/ast/Trees$Tree;ILscala/tools/nsc/symtab/Types$Type;)Lscala/tools/nsc/ast/Trees$Tree;+126
j  scala.tools.nsc.typechecker.Typers$Typer$$anonfun$typedApply$1$1.apply(Lscala/tools/nsc/typechecker/Typers$Typer;)Lscala/tools/nsc/ast/Trees$Tree;+28
j  scala.tools.nsc.typechecker.Typers$Typer$$anonfun$typedApply$1$1.apply(Ljava/lang/Object;)Ljava/lang/Object;+10
j  scala.tools.nsc.typechecker.Typers$Typer.silent(Lscala/Function1;)Ljava/lang/Object;+109
j  scala.tools.nsc.typechecker.Typers$Typer.typedApply$1(Lscala/tools/nsc/ast/Trees$Tree;Lscala/List;Lscala/tools/nsc/ast/Trees$Tree;ILscala/tools/nsc/symtab/Types$Type;)Lscala/tools/nsc/ast/Trees$Tree;+140
j  scala.tools.nsc.typechecker.Typers$Typer.typed1(Lscala/tools/nsc/ast/Trees$Tree;ILscala/tools/nsc/symtab/Types$Type;)Lscala/tools/nsc/ast/Trees$Tree;+3003
j  scala.tools.nsc.transform.Erasure$Eraser.liftedTree1$1(Lscala/tools/nsc/ast/Trees$Tree;ILscala/tools/nsc/symtab/Types$Type;)Lscala/tools/nsc/ast/Trees$Tree;+11
j  scala.tools.nsc.transform.Erasure$Eraser.typed1(Lscala/tools/nsc/ast/Trees$Tree;ILscala/tools/nsc/symtab/Types$Type;)Lscala/tools/nsc/ast/Trees$Tree;+8
j  scala.tools.nsc.typechecker.Typers$Typer.typed(Lscala/tools/nsc/ast/Trees$Tree;ILscala/tools/nsc/symtab/Types$Type;)Lscala/tools/nsc/ast/Trees$Tree;+126
j  scala.tools.nsc.typechecker.Typers$Typer.typed(Lscala/tools/nsc/ast/Trees$Tree;Lscala/tools/nsc/symtab/Types$Type;)Lscala/tools/nsc/ast/Trees$Tree;+12
j  scala.tools.nsc.typechecker.Typers$Typer.transformedOrTyped(Lscala/tools/nsc/ast/Trees$Tree;Lscala/tools/nsc/symtab/Types$Type;)Lscala/tools/nsc/ast/Trees$Tree;+79
j  scala.tools.nsc.typechecker.Typers$Typer.typedDefDef(Lscala/tools/nsc/ast/Trees$DefDef;)Lscala/tools/nsc/ast/Trees$DefDef;+470
j  scala.tools.nsc.typechecker.Typers$Typer.typed1(Lscala/tools/nsc/ast/Trees$Tree;ILscala/tools/nsc/symtab/Types$Type;)Lscala/tools/nsc/ast/Trees$Tree;+365
j  scala.tools.nsc.transform.Erasure$Eraser.liftedTree1$1(Lscala/tools/nsc/ast/Trees$Tree;ILscala/tools/nsc/symtab/Types$Type;)Lscala/tools/nsc/ast/Trees$Tree;+11
j  scala.tools.nsc.transform.Erasure$Eraser.typed1(Lscala/tools/nsc/ast/Trees$Tree;ILscala/tools/nsc/symtab/Types$Type;)Lscala/tools/nsc/ast/Trees$Tree;+8
j  scala.tools.nsc.typechecker.Typers$Typer.typed(Lscala/tools/nsc/ast/Trees$Tree;ILscala/tools/nsc/symtab/Types$Type;)Lscala/tools/nsc/ast/Trees$Tree;+126
j  scala.tools.nsc.typechecker.Typers$Typer.typed(Lscala/tools/nsc/ast/Trees$Tree;)Lscala/tools/nsc/ast/Trees$Tree;+25
j  scala.tools.nsc.typechecker.Typers$Typer.typedStat$1(Lscala/tools/nsc/ast/Trees$Tree;Lscala/tools/nsc/symtab/Symbols$Symbol;Z)Lscala/tools/nsc/ast/Trees$Tree;+235
j  scala.tools.nsc.typechecker.Typers$Typer$$anonfun$19.apply(Lscala/tools/nsc/ast/Trees$Tree;)Lscala/tools/nsc/ast/Trees$Tree;+18
j  scala.tools.nsc.typechecker.Typers$Typer$$anonfun$19.apply(Ljava/lang/Object;)Ljava/lang/Object;+10


---------------  P R O C E S S  ---------------

Java Threads: ( => current thread )
  0x097a5000 JavaThread "Low Memory Detector" daemon [_thread_blocked, id=4154, stack(0x805af000,0x80600000)]
  0x097a2800 JavaThread "CompilerThread1" daemon [_thread_in_native, id=4153, stack(0x807d0000,0x80851000)]
  0x097a0000 JavaThread "CompilerThread0" daemon [_thread_in_native, id=4152, stack(0x80851000,0x808d2000)]
  0x0979e400 JavaThread "Signal Dispatcher" daemon [_thread_blocked, id=4151, stack(0x808d2000,0x80923000)]
  0x0978d000 JavaThread "Finalizer" daemon [_thread_blocked, id=4150, stack(0x80962000,0x809b3000)]
  0x09788400 JavaThread "Reference Handler" daemon [_thread_blocked, id=4149, stack(0x809b3000,0x80a04000)]
=>0x096d4800 JavaThread "main" [_thread_in_Java, id=4143, stack(0xb781d000,0xb786e000)]

Other Threads:
  0x09785800 VMThread [stack: 0x80a04000,0x80a85000] [id=4148]
  0x097a7000 WatcherThread [stack: 0x8074f000,0x807d0000] [id=4155]

VM state:not at safepoint (normal execution)

VM Mutex/Monitor currently owned by a thread: None

Heap
 PSYoungGen      total 149376K, used 52582K [0xa6000000, 0xafa60000, 0xb4750000)
  eden space 141312K, 34% used [0xa6000000,0xa8f0b550,0xaea00000)
  from space 8064K, 54% used [0xaf280000,0xaf6ce460,0xafa60000)
  to   space 8384K, 0% used [0xaea00000,0xaea00000,0xaf230000)
 PSOldGen        total 29568K, used 12994K [0x89150000, 0x8ae30000, 0xa6000000)
  object space 29568K, 43% used [0x89150000,0x89e00b40,0x8ae30000)
 PSPermGen       total 16384K, used 11363K [0x81150000, 0x82150000, 0x89150000)
  object space 16384K, 69% used [0x81150000,0x81c68d80,0x82150000)

Dynamic libraries:
00110000-00112000 r-xp 00000000 08:06 1442226    /lib/tls/i686/cmov/libdl-2.11.1.so
00112000-00113000 r--p 00001000 08:06 1442226    /lib/tls/i686/cmov/libdl-2.11.1.so
00113000-00114000 rw-p 00002000 08:06 1442226    /lib/tls/i686/cmov/libdl-2.11.1.so
00114000-00138000 r-xp 00000000 08:06 1442228    /lib/tls/i686/cmov/libm-2.11.1.so
00138000-00139000 r--p 00023000 08:06 1442228    /lib/tls/i686/cmov/libm-2.11.1.so
00139000-0013a000 rw-p 00024000 08:06 1442228    /lib/tls/i686/cmov/libm-2.11.1.so
0013a000-00141000 r-xp 00000000 08:06 1442241    /lib/tls/i686/cmov/librt-2.11.1.so
00141000-00142000 r--p 00006000 08:06 1442241    /lib/tls/i686/cmov/librt-2.11.1.so
00142000-00143000 rw-p 00007000 08:06 1442241    /lib/tls/i686/cmov/librt-2.11.1.so
00143000-0014a000 r-xp 00000000 08:06 1040390    /usr/lib/jvm/java-6-openjdk/jre/lib/i386/native_threads/libhpi.so
0014a000-0014b000 r--p 00006000 08:06 1040390    /usr/lib/jvm/java-6-openjdk/jre/lib/i386/native_threads/libhpi.so
0014b000-0014c000 rw-p 00007000 08:06 1040390    /usr/lib/jvm/java-6-openjdk/jre/lib/i386/native_threads/libhpi.so
0014c000-00152000 r-xp 00000000 08:06 1442231    /lib/tls/i686/cmov/libnss_compat-2.11.1.so
00152000-00153000 r--p 00006000 08:06 1442231    /lib/tls/i686/cmov/libnss_compat-2.11.1.so
00153000-00154000 rw-p 00007000 08:06 1442231    /lib/tls/i686/cmov/libnss_compat-2.11.1.so
00154000-0015c000 r-xp 00000000 08:06 1442235    /lib/tls/i686/cmov/libnss_nis-2.11.1.so
0015c000-0015d000 r--p 00007000 08:06 1442235    /lib/tls/i686/cmov/libnss_nis-2.11.1.so
0015d000-0015e000 rw-p 00008000 08:06 1442235    /lib/tls/i686/cmov/libnss_nis-2.11.1.so
0015e000-00165000 r-xp 00000000 08:06 755891     /usr/lib/jvm/java-6-openjdk/jre/lib/i386/libnio.so
00165000-00166000 r--p 00006000 08:06 755891     /usr/lib/jvm/java-6-openjdk/jre/lib/i386/libnio.so
00166000-00167000 rw-p 00007000 08:06 755891     /usr/lib/jvm/java-6-openjdk/jre/lib/i386/libnio.so
001d8000-001ec000 r-xp 00000000 08:06 755890     /usr/lib/jvm/java-6-openjdk/jre/lib/i386/libnet.so
001ec000-001ed000 r--p 00013000 08:06 755890     /usr/lib/jvm/java-6-openjdk/jre/lib/i386/libnet.so
001ed000-001ee000 rw-p 00014000 08:06 755890     /usr/lib/jvm/java-6-openjdk/jre/lib/i386/libnet.so
002ba000-002cd000 r-xp 00000000 08:06 1442230    /lib/tls/i686/cmov/libnsl-2.11.1.so
002cd000-002ce000 r--p 00012000 08:06 1442230    /lib/tls/i686/cmov/libnsl-2.11.1.so
002ce000-002cf000 rw-p 00013000 08:06 1442230    /lib/tls/i686/cmov/libnsl-2.11.1.so
002cf000-002d1000 rw-p 00000000 00:00 0 
00341000-00342000 r-xp 00000000 00:00 0          [vdso]
00356000-00371000 r-xp 00000000 08:06 1425447    /lib/ld-2.11.1.so
00371000-00372000 r--p 0001a000 08:06 1425447    /lib/ld-2.11.1.so
00372000-00373000 rw-p 0001b000 08:06 1425447    /lib/ld-2.11.1.so
00605000-00629000 r-xp 00000000 08:06 755305     /usr/lib/jvm/java-6-openjdk/jre/lib/i386/libjava.so
00629000-0062a000 r--p 00023000 08:06 755305     /usr/lib/jvm/java-6-openjdk/jre/lib/i386/libjava.so
0062a000-0062c000 rw-p 00024000 08:06 755305     /usr/lib/jvm/java-6-openjdk/jre/lib/i386/libjava.so
00697000-0069e000 r-xp 00000000 08:06 755929     /usr/lib/jvm/java-6-openjdk/jre/lib/i386/libzip.so
0069e000-0069f000 r--p 00006000 08:06 755929     /usr/lib/jvm/java-6-openjdk/jre/lib/i386/libzip.so
0069f000-006a0000 rw-p 00007000 08:06 755929     /usr/lib/jvm/java-6-openjdk/jre/lib/i386/libzip.so
00716000-00722000 r-xp 00000000 08:06 755912     /usr/lib/jvm/java-6-openjdk/jre/lib/i386/libverify.so
00722000-00723000 r--p 0000b000 08:06 755912     /usr/lib/jvm/java-6-openjdk/jre/lib/i386/libverify.so
00723000-00724000 rw-p 0000c000 08:06 755912     /usr/lib/jvm/java-6-openjdk/jre/lib/i386/libverify.so
00729000-0072c000 r-xp 00000000 08:06 1024049    /usr/lib/jvm/java-6-openjdk/jre/lib/i386/jli/libjli.so
0072c000-0072d000 r--p 00003000 08:06 1024049    /usr/lib/jvm/java-6-openjdk/jre/lib/i386/jli/libjli.so
0072d000-0072e000 rw-p 00004000 08:06 1024049    /usr/lib/jvm/java-6-openjdk/jre/lib/i386/jli/libjli.so
00730000-00745000 r-xp 00000000 08:06 1442239    /lib/tls/i686/cmov/libpthread-2.11.1.so
00745000-00746000 r--p 00014000 08:06 1442239    /lib/tls/i686/cmov/libpthread-2.11.1.so
00746000-00747000 rw-p 00015000 08:06 1442239    /lib/tls/i686/cmov/libpthread-2.11.1.so
00747000-00749000 rw-p 00000000 00:00 0 
007ba000-0090d000 r-xp 00000000 08:06 1442222    /lib/tls/i686/cmov/libc-2.11.1.so
0090d000-0090e000 ---p 00153000 08:06 1442222    /lib/tls/i686/cmov/libc-2.11.1.so
0090e000-00910000 r--p 00153000 08:06 1442222    /lib/tls/i686/cmov/libc-2.11.1.so
00910000-00911000 rw-p 00155000 08:06 1442222    /lib/tls/i686/cmov/libc-2.11.1.so
00911000-00914000 rw-p 00000000 00:00 0 
00957000-00961000 r-xp 00000000 08:06 1442233    /lib/tls/i686/cmov/libnss_files-2.11.1.so
00961000-00962000 r--p 00009000 08:06 1442233    /lib/tls/i686/cmov/libnss_files-2.11.1.so
00962000-00963000 rw-p 0000a000 08:06 1442233    /lib/tls/i686/cmov/libnss_files-2.11.1.so
00a99000-00aac000 r-xp 00000000 08:06 1425694    /lib/libz.so.1.2.3.3
00aac000-00aad000 r--p 00012000 08:06 1425694    /lib/libz.so.1.2.3.3
00aad000-00aae000 rw-p 00013000 08:06 1425694    /lib/libz.so.1.2.3.3
00aae000-01110000 r-xp 00000000 08:06 1059968    /usr/lib/jvm/java-6-openjdk/jre/lib/i386/server/libjvm.so
01110000-01154000 r--p 00661000 08:06 1059968    /usr/lib/jvm/java-6-openjdk/jre/lib/i386/server/libjvm.so
01154000-01163000 rw-p 006a5000 08:06 1059968    /usr/lib/jvm/java-6-openjdk/jre/lib/i386/server/libjvm.so
01163000-01581000 rw-p 00000000 00:00 0 
08048000-08051000 r-xp 00000000 08:06 820432     /usr/lib/jvm/java-6-openjdk/jre/bin/java
08051000-08052000 r--p 00008000 08:06 820432     /usr/lib/jvm/java-6-openjdk/jre/bin/java
08052000-08053000 rw-p 00009000 08:06 820432     /usr/lib/jvm/java-6-openjdk/jre/bin/java
096ce000-0a2f5000 rw-p 00000000 00:00 0          [heap]
7f100000-7f180000 rw-p 00000000 00:00 0 
7f180000-7f200000 ---p 00000000 00:00 0 
7f300000-7f400000 rw-p 00000000 00:00 0 
7f400000-7f4ed000 rw-p 00000000 00:00 0 
7f4ed000-7f500000 ---p 00000000 00:00 0 
7f500000-7f5fd000 rw-p 00000000 00:00 0 
7f5fd000-7f600000 ---p 00000000 00:00 0 
7f700000-7f7f0000 rw-p 00000000 00:00 0 
7f7f0000-7f800000 ---p 00000000 00:00 0 
7f800000-7f8fc000 rw-p 00000000 00:00 0 
7f8fc000-7f900000 ---p 00000000 00:00 0 
7f900000-7f9ed000 rw-p 00000000 00:00 0 
7f9ed000-7fa00000 ---p 00000000 00:00 0 
7fa00000-7faf7000 rw-p 00000000 00:00 0 
7faf7000-7fb00000 ---p 00000000 00:00 0 
7fb00000-7fbf2000 rw-p 00000000 00:00 0 
7fbf2000-7fc00000 ---p 00000000 00:00 0 
7fc00000-7fcfa000 rw-p 00000000 00:00 0 
7fcfa000-7fd00000 ---p 00000000 00:00 0 
7fe00000-7fff4000 rw-p 00000000 00:00 0 
7fff4000-80000000 ---p 00000000 00:00 0 
80000000-800f9000 rw-p 00000000 00:00 0 
800f9000-80100000 ---p 00000000 00:00 0 
80100000-80200000 rw-p 00000000 00:00 0 
80200000-802f8000 rw-p 00000000 00:00 0 
802f8000-80300000 ---p 00000000 00:00 0 
8037a000-8037c000 r--s 00018000 08:06 305790     /home/simon/.m2/repository/javax/servlet/servlet-api/2.5/servlet-api-2.5.jar
8037c000-803a2000 r--s 00230000 08:06 1164950    /home/simon/.m2/repository/org/apache/derby/derby/10.4.2.0/derby-10.4.2.0.jar
803a2000-803a9000 r--s 00045000 08:06 1164980    /home/simon/.m2/repository/net/liftweb/lift-widgets/1.0/lift-widgets-1.0.jar
803a9000-803b4000 r--s 00073000 08:06 1164963    /home/simon/.m2/repository/org/igniterealtime/smack/smackx/3.1.0/smackx-3.1.0.jar
803b4000-803ba000 r--s 00040000 08:06 1164949    /home/simon/.m2/repository/org/igniterealtime/smack/smack/3.1.0/smack-3.1.0.jar
803ba000-803bd000 r--s 00011000 08:06 1164975    /home/simon/.m2/repository/net/liftweb/lift-xmpp/1.0/lift-xmpp-1.0.jar
803bd000-803c5000 r--s 00042000 08:06 1164948    /home/simon/.m2/repository/com/rabbitmq/rabbitmq-client/1.3.0/rabbitmq-client-1.3.0.jar
803c5000-803cc000 r--s 00046000 08:06 1164969    /home/simon/.m2/repository/net/liftweb/lift-facebook/1.0/lift-facebook-1.0.jar
803cc000-803e0000 r--s 0009e000 08:06 1164966    /home/simon/.m2/repository/net/liftweb/lift-textile/1.0/lift-textile-1.0.jar
803e0000-803e5000 r--s 00031000 08:06 1164962    /home/simon/.m2/repository/net/liftweb/lift-record/1.0/lift-record-1.0.jar
803e5000-803e8000 r--s 00012000 08:06 1164955    /home/simon/.m2/repository/net/liftweb/lift-machine/1.0/lift-machine-1.0.jar
803e8000-80400000 r--s 00107000 08:06 305820     /home/simon/.m2/repository/net/liftweb/lift-mapper/1.0/lift-mapper-1.0.jar
80400000-80500000 rw-p 00000000 00:00 0 
80500000-80503000 r--s 0000e000 08:06 1164951    /home/simon/.m2/repository/commons-io/commons-io/1.2/commons-io-1.2.jar
80503000-8052c000 r--s 001db000 08:06 305813     /home/simon/.m2/repository/net/liftweb/lift-webkit/1.0/lift-webkit-1.0.jar
8052c000-8053a000 r--s 0007f000 08:06 257162     /home/simon/.m2/repository/commons-collections/commons-collections/3.2.1/commons-collections-3.2.1.jar
8053a000-8053d000 r--s 0000c000 08:06 305802     /home/simon/.m2/repository/commons-fileupload/commons-fileupload/1.2.1/commons-fileupload-1.2.1.jar
8053d000-80543000 r--s 00045000 08:06 305791     /home/simon/.m2/repository/commons-httpclient/commons-httpclient/3.1/commons-httpclient-3.1.jar
80543000-805af000 r--s 0059c000 08:06 305825     /home/simon/.m2/repository/org/scala-lang/scala-compiler/2.7.3/scala-compiler-2.7.3.jar
805af000-805b2000 ---p 00000000 00:00 0 
805b2000-80600000 rw-p 00000000 00:00 0 
80600000-80700000 rw-p 00000000 00:00 0 
80701000-80702000 r--s 00008000 08:06 1164952    /home/simon/.m2/repository/commons-cli/commons-cli/1.1/commons-cli-1.1.jar
80702000-80704000 r--s 0000e000 08:06 305795     /home/simon/.m2/repository/javax/activation/activation/1.1/activation-1.1.jar
80704000-8070a000 r--s 00059000 08:06 305801     /home/simon/.m2/repository/javax/mail/mail/1.4/mail-1.4.jar
8070a000-80711000 r--s 00053000 08:06 305808     /home/simon/.m2/repository/log4j/log4j/1.2.14/log4j-1.2.14.jar
80711000-80721000 r--s 000a1000 08:06 305789     /home/simon/.m2/repository/net/liftweb/lift-util/1.0/lift-util-1.0.jar
80721000-80724000 r--s 00077000 08:06 2646041    /usr/lib/jvm/java-6-openjdk/jre/lib/ext/localedata.jar
80724000-80727000 r--s 00038000 08:06 2646039    /usr/lib/jvm/java-6-openjdk/jre/lib/ext/sunpkcs11.jar
80727000-8072a000 r--s 00031000 08:06 2646042    /usr/lib/jvm/java-6-openjdk/jre/lib/ext/sunjce_provider.jar
8072a000-8072c000 r--s 00001000 08:06 2646040    /usr/lib/jvm/java-6-openjdk/jre/lib/ext/dnsns.jar
8072c000-80735000 r--s 000b3000 08:06 2670682    /usr/lib/jvm/java-6-openjdk/jre/lib/rhino.jar
80735000-80743000 r--s 00351000 08:06 2670665    /usr/lib/jvm/java-6-openjdk/jre/lib/charsets.jar
80743000-8074c000 r--s 00065000 08:06 631330     /usr/share/java/gnome-java-bridge.jar
8074c000-8074f000 r--s 0000f000 08:06 2646044    /usr/lib/jvm/java-6-openjdk/jre/lib/ext/pulse-java.jar
8074f000-80750000 ---p 00000000 00:00 0 
80750000-807d0000 rw-p 00000000 00:00 0 
807d0000-807d3000 ---p 00000000 00:00 0 
807d3000-80851000 rw-p 00000000 00:00 0 
80851000-80854000 ---p 00000000 00:00 0 
80854000-808d2000 rw-p 00000000 00:00 0 
808d2000-808d5000 ---p 00000000 00:00 0 
808d5000-80923000 rw-p 00000000 00:00 0 
80923000-80962000 r--p 00000000 08:06 647231     /usr/lib/locale/en_AU.utf8/LC_CTYPE
80962000-80965000 ---p 00000000 00:00 0 
80965000-809b3000 rw-p 00000000 00:00 0 
809b3000-809b6000 ---p 00000000 00:00 0 
809b6000-80a04000 rw-p 00000000 00:00 0 
80a04000-80a05000 ---p 00000000 00:00 0 
80a05000-80a85000 rw-p 00000000 00:00 0 
80a85000-80ac2000 r--s 00348000 08:06 305807     /home/simon/.m2/repository/org/scala-lang/scala-library/2.7.3/scala-library-2.7.3.jar
80ac2000-80af5000 rw-p 00000000 00:00 0 
80af5000-80c88000 r--s 03918000 08:06 2670626    /usr/lib/jvm/java-6-openjdk/jre/lib/rt.jar
80c88000-80c89000 ---p 00000000 00:00 0 
80c89000-80d09000 rw-p 00000000 00:00 0 
80d09000-80d0a000 ---p 00000000 00:00 0 
80d0a000-80d8a000 rw-p 00000000 00:00 0 
80d8a000-80d8b000 ---p 00000000 00:00 0 
80d8b000-80e0b000 rw-p 00000000 00:00 0 
80e0b000-80e0c000 ---p 00000000 00:00 0 
80e0c000-80e94000 rw-p 00000000 00:00 0 
80e94000-80ecc000 rw-p 00000000 00:00 0 
80ecc000-80edb000 rw-p 00000000 00:00 0 
80edb000-80fb4000 rw-p 00000000 00:00 0 
80fb4000-80fbc000 rw-p 00000000 00:00 0 
80fbc000-80ff4000 rw-p 00000000 00:00 0 
80ff4000-81003000 rw-p 00000000 00:00 0 
81003000-810db000 rw-p 00000000 00:00 0 
810db000-81129000 rw-p 00000000 00:00 0 
81129000-8114f000 rw-p 00000000 00:00 0 
8114f000-82150000 rw-p 00000000 00:00 0 
82150000-89150000 rw-p 00000000 00:00 0 
89150000-8ae30000 rw-p 00000000 00:00 0 
8ae30000-a6000000 rw-p 00000000 00:00 0 
a6000000-afa60000 rw-p 00000000 00:00 0 
afa60000-afb00000 ---p 00000000 00:00 0 
afb00000-b4750000 rw-p 00000000 00:00 0 
b4750000-b4752000 r--s 0000a000 08:06 305792     /home/simon/.m2/repository/commons-codec/commons-codec/1.3/commons-codec-1.3.jar
b4752000-b4754000 r--s 00008000 08:06 305798     /home/simon/.m2/repository/commons-logging/commons-logging/1.0.4/commons-logging-1.0.4.jar
b4754000-b4756000 r--s 00013000 08:06 2670671    /usr/lib/jvm/java-6-openjdk/jre/lib/jce.jar
b4756000-b475d000 r--s 00101000 08:06 2670681    /usr/lib/jvm/java-6-openjdk/jre/lib/resources.jar
b475d000-b476b000 rw-p 00000000 00:00 0 
b476b000-b481d000 rw-p 00000000 00:00 0 
b481d000-b4b75000 rwxp 00000000 00:00 0 
b4b75000-b781d000 rw-p 00000000 00:00 0 
b781d000-b7820000 ---p 00000000 00:00 0 
b7820000-b7871000 rw-p 00000000 00:00 0 
b7871000-b7872000 r--s 00008000 08:06 1164972    /home/simon/.m2/repository/net/liftweb/lift-amqp/1.0/lift-amqp-1.0.jar
b7872000-b7873000 r--s 00000000 08:06 1164945    /home/simon/.m2/repository/net/liftweb/lift-core/1.0/lift-core-1.0.jar
b7873000-b7876000 r--s 0007a000 08:06 2670673    /usr/lib/jvm/java-6-openjdk/jre/lib/jsse.jar
b7876000-b7879000 r--s 00017000 08:06 256803     /home/simon/.m2/repository/org/scala-tools/maven-scala-plugin/2.14.1/maven-scala-plugin-2.14.1.jar
b7879000-b7880000 r--s 00000000 08:06 549694     /usr/lib/gconv/gconv-modules.cache
b7880000-b7888000 rw-s 00000000 08:06 106550     /tmp/hsperfdata_simon/4140
b7888000-b7889000 rw-p 00000000 00:00 0 
b7889000-b788a000 r--p 00000000 00:00 0 
b788a000-b788c000 rw-p 00000000 00:00 0 
bf7f8000-bf80d000 rw-p 00000000 00:00 0          [stack]

VM Arguments:
jvm_args: -Xbootclasspath/a:/home/simon/.m2/repository/org/scala-lang/scala-library/2.7.3/scala-library-2.7.3.jar 
java_command: org_scala_tools_maven_executions.MainWithArgsInFile scala.tools.nsc.Main /tmp/scala-maven-2243785363355155858.args
Launcher Type: SUN_STANDARD

Environment Variables:
PATH=/usr/local/sbin:/usr/local/bin:/usr/sbin:/usr/bin:/sbin:/bin:/usr/games
USERNAME=simon
LD_LIBRARY_PATH=/usr/lib/jvm/java-6-openjdk/jre/lib/i386/server:/usr/lib/jvm/java-6-openjdk/jre/lib/i386:/usr/lib/jvm/java-6-openjdk/jre/../lib/i386
SHELL=/bin/bash
DISPLAY=:0.0

Signal Handlers:
SIGSEGV: [libjvm.so+0x5ec210], sa_mask[0]=0x7ffbfeff, sa_flags=0x10000004
SIGBUS: [libjvm.so+0x5ec210], sa_mask[0]=0x7ffbfeff, sa_flags=0x10000004
SIGFPE: [libjvm.so+0x4c9420], sa_mask[0]=0x7ffbfeff, sa_flags=0x10000004
SIGPIPE: [libjvm.so+0x4c9420], sa_mask[0]=0x7ffbfeff, sa_flags=0x10000004
SIGXFSZ: [libjvm.so+0x4c9420], sa_mask[0]=0x7ffbfeff, sa_flags=0x10000004
SIGILL: [libjvm.so+0x4c9420], sa_mask[0]=0x7ffbfeff, sa_flags=0x10000004
SIGUSR1: SIG_DFL, sa_mask[0]=0x00000000, sa_flags=0x00000000
SIGUSR2: [libjvm.so+0x4c8b10], sa_mask[0]=0x00000004, sa_flags=0x10000004
SIGHUP: [libjvm.so+0x4cb2c0], sa_mask[0]=0x7ffbfeff, sa_flags=0x10000004
SIGINT: [libjvm.so+0x4cb2c0], sa_mask[0]=0x7ffbfeff, sa_flags=0x10000004
SIGTERM: [libjvm.so+0x4cb2c0], sa_mask[0]=0x7ffbfeff, sa_flags=0x10000004
SIGQUIT: [libjvm.so+0x4cb2c0], sa_mask[0]=0x7ffbfeff, sa_flags=0x10000004


---------------  S Y S T E M  ---------------

OS:Ubuntu 10.04 (lucid)
uname:Linux 2.6.32-24-generic #42-Ubuntu SMP Fri Aug 20 14:24:04 UTC 2010 i686
libc:glibc 2.11.1 NPTL 2.11.1 
rlimit: STACK 8192k, CORE 0k, NPROC infinity, NOFILE 1024, AS infinity
load average:0.58 0.46 0.66

CPU:total 4 (4 cores per cpu, 1 threads per core) family 6 model 23 stepping 10, cmov, cx8, fxsr, mmx, sse, sse2, sse3, ssse3, sse4.1

Memory: 4k page, physical 2836912k(540920k free), swap 104380k(104380k free)

vm_info: OpenJDK Server VM (16.0-b13) for linux-x86 JRE (1.6.0_18-b18), built on Jul 27 2010 11:17:02 by "buildd" with gcc 4.4.3

time: Thu Sep 16 22:40:18 2010
elapsed time: 4 seconds

