#
# A fatal error has been detected by the Java Runtime Environment:
#
#  Internal Error (sharedRuntime.cpp:591), pid=11224, tid=3077475184
#  Error: guarantee(cb->is_adapter_blob(),"exception happened outside interpreter, nmethods and vtable stubs (1)")
#
# JRE version: 6.0_18-b18
# Java VM: OpenJDK Server VM (16.0-b13 mixed mode linux-x86 )
# Derivative: IcedTea6 1.8.1
# Distribution: Ubuntu 10.04 LTS, package 6b18-1.8.1-0ubuntu1
# If you would like to submit a bug report, please include
# instructions how to reproduce the bug and visit:
#   https://bugs.launchpad.net/ubuntu/+source/openjdk-6/
#

---------------  T H R E A D  ---------------

Current thread (0x0835a800):  JavaThread "main" [_thread_in_Java, id=11227, stack(0xb7698000,0xb76e9000)]

Stack: [0xb7698000,0xb76e9000],  sp=0xb76e3cc0,  free space=12fb76e3d14k
Native frames: (J=compiled Java code, j=interpreted, Vv=VM code, C=native code)
V  [libjvm.so+0x5eb585]
V  [libjvm.so+0x5eb7fc]
V  [libjvm.so+0x25acab]
V  [libjvm.so+0x53684d]
V  [libjvm.so+0x4cf312]
V  [libjvm.so+0x4c9446]


---------------  P R O C E S S  ---------------

Java Threads: ( => current thread )
  0x80abf800 JavaThread "Low Memory Detector" daemon [_thread_blocked, id=11238, stack(0x804f7000,0x80548000)]
  0x80abdc00 JavaThread "CompilerThread1" daemon [_thread_in_native, id=11237, stack(0x80548000,0x805c9000)]
  0x80abbc00 JavaThread "CompilerThread0" daemon [_thread_in_native, id=11236, stack(0x805c9000,0x8064a000)]
  0x80aba400 JavaThread "Signal Dispatcher" daemon [_thread_blocked, id=11235, stack(0x8064a000,0x8069b000)]
  0x80aa8c00 JavaThread "Finalizer" daemon [_thread_blocked, id=11234, stack(0x806da000,0x8072b000)]
  0x80aa7400 JavaThread "Reference Handler" daemon [_thread_blocked, id=11233, stack(0x8072b000,0x8077c000)]
=>0x0835a800 JavaThread "main" [_thread_in_Java, id=11227, stack(0xb7698000,0xb76e9000)]

Other Threads:
  0x80aa4800 VMThread [stack: 0x8077c000,0x807fd000] [id=11232]
  0x80ac1c00 WatcherThread [stack: 0x80476000,0x804f7000] [id=11239]

VM state:not at safepoint (normal execution)

VM Mutex/Monitor currently owned by a thread: None

Heap
 PSYoungGen      total 149312K, used 63132K [0xa5e80000, 0xaf890000, 0xb45d0000)
  eden space 141056K, 41% used [0xa5e80000,0xa9718930,0xae840000)
  from space 8256K, 62% used [0xaf060000,0xaf56e9c0,0xaf870000)
  to   space 8320K, 0% used [0xae840000,0xae840000,0xaf060000)
 PSOldGen        total 29568K, used 12597K [0x88fd0000, 0x8acb0000, 0xa5e80000)
  object space 29568K, 42% used [0x88fd0000,0x89c1d640,0x8acb0000)
 PSPermGen       total 16384K, used 10554K [0x80fd0000, 0x81fd0000, 0x88fd0000)
  object space 16384K, 64% used [0x80fd0000,0x81a1eab0,0x81fd0000)

Dynamic libraries:
00110000-00263000 r-xp 00000000 08:06 1441888    /lib/tls/i686/cmov/libc-2.11.1.so
00263000-00264000 ---p 00153000 08:06 1441888    /lib/tls/i686/cmov/libc-2.11.1.so
00264000-00266000 r--p 00153000 08:06 1441888    /lib/tls/i686/cmov/libc-2.11.1.so
00266000-00267000 rw-p 00155000 08:06 1441888    /lib/tls/i686/cmov/libc-2.11.1.so
00267000-0026a000 rw-p 00000000 00:00 0 
0026a000-0028e000 r-xp 00000000 08:06 1441893    /lib/tls/i686/cmov/libm-2.11.1.so
0028e000-0028f000 r--p 00023000 08:06 1441893    /lib/tls/i686/cmov/libm-2.11.1.so
0028f000-00290000 rw-p 00024000 08:06 1441893    /lib/tls/i686/cmov/libm-2.11.1.so
00290000-0029c000 r-xp 00000000 08:06 755912     /usr/lib/jvm/java-6-openjdk/jre/lib/i386/libverify.so
0029c000-0029d000 r--p 0000b000 08:06 755912     /usr/lib/jvm/java-6-openjdk/jre/lib/i386/libverify.so
0029d000-0029e000 rw-p 0000c000 08:06 755912     /usr/lib/jvm/java-6-openjdk/jre/lib/i386/libverify.so
0029e000-002a5000 r-xp 00000000 08:06 1040390    /usr/lib/jvm/java-6-openjdk/jre/lib/i386/native_threads/libhpi.so
002a5000-002a6000 r--p 00006000 08:06 1040390    /usr/lib/jvm/java-6-openjdk/jre/lib/i386/native_threads/libhpi.so
002a6000-002a7000 rw-p 00007000 08:06 1040390    /usr/lib/jvm/java-6-openjdk/jre/lib/i386/native_threads/libhpi.so
002a7000-002af000 r-xp 00000000 08:06 1441900    /lib/tls/i686/cmov/libnss_nis-2.11.1.so
002af000-002b0000 r--p 00007000 08:06 1441900    /lib/tls/i686/cmov/libnss_nis-2.11.1.so
002b0000-002b1000 rw-p 00008000 08:06 1441900    /lib/tls/i686/cmov/libnss_nis-2.11.1.so
002b1000-002bb000 r-xp 00000000 08:06 1441898    /lib/tls/i686/cmov/libnss_files-2.11.1.so
002bb000-002bc000 r--p 00009000 08:06 1441898    /lib/tls/i686/cmov/libnss_files-2.11.1.so
002bc000-002bd000 rw-p 0000a000 08:06 1441898    /lib/tls/i686/cmov/libnss_files-2.11.1.so
002bd000-002d1000 r-xp 00000000 08:06 755890     /usr/lib/jvm/java-6-openjdk/jre/lib/i386/libnet.so
002d1000-002d2000 r--p 00013000 08:06 755890     /usr/lib/jvm/java-6-openjdk/jre/lib/i386/libnet.so
002d2000-002d3000 rw-p 00014000 08:06 755890     /usr/lib/jvm/java-6-openjdk/jre/lib/i386/libnet.so
00407000-0040d000 r-xp 00000000 08:06 1441896    /lib/tls/i686/cmov/libnss_compat-2.11.1.so
0040d000-0040e000 r--p 00006000 08:06 1441896    /lib/tls/i686/cmov/libnss_compat-2.11.1.so
0040e000-0040f000 rw-p 00007000 08:06 1441896    /lib/tls/i686/cmov/libnss_compat-2.11.1.so
00431000-00455000 r-xp 00000000 08:06 755305     /usr/lib/jvm/java-6-openjdk/jre/lib/i386/libjava.so
00455000-00456000 r--p 00023000 08:06 755305     /usr/lib/jvm/java-6-openjdk/jre/lib/i386/libjava.so
00456000-00458000 rw-p 00024000 08:06 755305     /usr/lib/jvm/java-6-openjdk/jre/lib/i386/libjava.so
005f1000-00604000 r-xp 00000000 08:06 1425694    /lib/libz.so.1.2.3.3
00604000-00605000 r--p 00012000 08:06 1425694    /lib/libz.so.1.2.3.3
00605000-00606000 rw-p 00013000 08:06 1425694    /lib/libz.so.1.2.3.3
00621000-00628000 r-xp 00000000 08:06 755929     /usr/lib/jvm/java-6-openjdk/jre/lib/i386/libzip.so
00628000-00629000 r--p 00006000 08:06 755929     /usr/lib/jvm/java-6-openjdk/jre/lib/i386/libzip.so
00629000-0062a000 rw-p 00007000 08:06 755929     /usr/lib/jvm/java-6-openjdk/jre/lib/i386/libzip.so
0062f000-00636000 r-xp 00000000 08:06 755891     /usr/lib/jvm/java-6-openjdk/jre/lib/i386/libnio.so
00636000-00637000 r--p 00006000 08:06 755891     /usr/lib/jvm/java-6-openjdk/jre/lib/i386/libnio.so
00637000-00638000 rw-p 00007000 08:06 755891     /usr/lib/jvm/java-6-openjdk/jre/lib/i386/libnio.so
0065c000-0066f000 r-xp 00000000 08:06 1441895    /lib/tls/i686/cmov/libnsl-2.11.1.so
0066f000-00670000 r--p 00012000 08:06 1441895    /lib/tls/i686/cmov/libnsl-2.11.1.so
00670000-00671000 rw-p 00013000 08:06 1441895    /lib/tls/i686/cmov/libnsl-2.11.1.so
00671000-00673000 rw-p 00000000 00:00 0 
007aa000-007c5000 r-xp 00000000 08:06 1425447    /lib/ld-2.11.1.so
007c5000-007c6000 r--p 0001a000 08:06 1425447    /lib/ld-2.11.1.so
007c6000-007c7000 rw-p 0001b000 08:06 1425447    /lib/ld-2.11.1.so
008bb000-008bc000 r-xp 00000000 00:00 0          [vdso]
008da000-008dd000 r-xp 00000000 08:06 1024049    /usr/lib/jvm/java-6-openjdk/jre/lib/i386/jli/libjli.so
008dd000-008de000 r--p 00003000 08:06 1024049    /usr/lib/jvm/java-6-openjdk/jre/lib/i386/jli/libjli.so
008de000-008df000 rw-p 00004000 08:06 1024049    /usr/lib/jvm/java-6-openjdk/jre/lib/i386/jli/libjli.so
00afa000-00b01000 r-xp 00000000 08:06 1441905    /lib/tls/i686/cmov/librt-2.11.1.so
00b01000-00b02000 r--p 00006000 08:06 1441905    /lib/tls/i686/cmov/librt-2.11.1.so
00b02000-00b03000 rw-p 00007000 08:06 1441905    /lib/tls/i686/cmov/librt-2.11.1.so
00d1d000-00d32000 r-xp 00000000 08:06 1441903    /lib/tls/i686/cmov/libpthread-2.11.1.so
00d32000-00d33000 r--p 00014000 08:06 1441903    /lib/tls/i686/cmov/libpthread-2.11.1.so
00d33000-00d34000 rw-p 00015000 08:06 1441903    /lib/tls/i686/cmov/libpthread-2.11.1.so
00d34000-00d36000 rw-p 00000000 00:00 0 
00e7c000-00e7e000 r-xp 00000000 08:06 1441892    /lib/tls/i686/cmov/libdl-2.11.1.so
00e7e000-00e7f000 r--p 00001000 08:06 1441892    /lib/tls/i686/cmov/libdl-2.11.1.so
00e7f000-00e80000 rw-p 00002000 08:06 1441892    /lib/tls/i686/cmov/libdl-2.11.1.so
00e80000-014e2000 r-xp 00000000 08:06 1059968    /usr/lib/jvm/java-6-openjdk/jre/lib/i386/server/libjvm.so
014e2000-01526000 r--p 00661000 08:06 1059968    /usr/lib/jvm/java-6-openjdk/jre/lib/i386/server/libjvm.so
01526000-01535000 rw-p 006a5000 08:06 1059968    /usr/lib/jvm/java-6-openjdk/jre/lib/i386/server/libjvm.so
01535000-01953000 rw-p 00000000 00:00 0 
08048000-08051000 r-xp 00000000 08:06 820432     /usr/lib/jvm/java-6-openjdk/jre/bin/java
08051000-08052000 r--p 00008000 08:06 820432     /usr/lib/jvm/java-6-openjdk/jre/bin/java
08052000-08053000 rw-p 00009000 08:06 820432     /usr/lib/jvm/java-6-openjdk/jre/bin/java
08354000-09355000 rw-p 00000000 00:00 0          [heap]
7f000000-7f0fb000 rw-p 00000000 00:00 0 
7f0fb000-7f100000 ---p 00000000 00:00 0 
7f200000-7f2fb000 rw-p 00000000 00:00 0 
7f2fb000-7f300000 ---p 00000000 00:00 0 
7f300000-7f3ff000 rw-p 00000000 00:00 0 
7f3ff000-7f400000 ---p 00000000 00:00 0 
7f400000-7f45a000 rw-p 00000000 00:00 0 
7f45a000-7f500000 ---p 00000000 00:00 0 
7f600000-7f700000 rw-p 00000000 00:00 0 
7f800000-7f8e2000 rw-p 00000000 00:00 0 
7f8e2000-7f900000 ---p 00000000 00:00 0 
7f900000-7f9fb000 rw-p 00000000 00:00 0 
7f9fb000-7fa00000 ---p 00000000 00:00 0 
7fa00000-7faff000 rw-p 00000000 00:00 0 
7faff000-7fb00000 ---p 00000000 00:00 0 
7fb00000-7fc00000 rw-p 00000000 00:00 0 
7fc00000-7fcf8000 rw-p 00000000 00:00 0 
7fcf8000-7fd00000 ---p 00000000 00:00 0 
7fd00000-7fdf9000 rw-p 00000000 00:00 0 
7fdf9000-7fe00000 ---p 00000000 00:00 0 
7fe00000-7fefd000 rw-p 00000000 00:00 0 
7fefd000-7ff00000 ---p 00000000 00:00 0 
7ff00000-7ffec000 rw-p 00000000 00:00 0 
7ffec000-80000000 ---p 00000000 00:00 0 
80000000-800fe000 rw-p 00000000 00:00 0 
800fe000-80100000 ---p 00000000 00:00 0 
801f4000-801f6000 r--s 00018000 08:06 305790     /home/simon/.m2/repository/javax/servlet/servlet-api/2.5/servlet-api-2.5.jar
801f6000-8021c000 r--s 00230000 08:06 1164950    /home/simon/.m2/repository/org/apache/derby/derby/10.4.2.0/derby-10.4.2.0.jar
8021c000-80223000 r--s 00045000 08:06 1164980    /home/simon/.m2/repository/net/liftweb/lift-widgets/1.0/lift-widgets-1.0.jar
80223000-8022e000 r--s 00073000 08:06 1164963    /home/simon/.m2/repository/org/igniterealtime/smack/smackx/3.1.0/smackx-3.1.0.jar
8022e000-80234000 r--s 00040000 08:06 1164949    /home/simon/.m2/repository/org/igniterealtime/smack/smack/3.1.0/smack-3.1.0.jar
80234000-80237000 r--s 00011000 08:06 1164975    /home/simon/.m2/repository/net/liftweb/lift-xmpp/1.0/lift-xmpp-1.0.jar
80237000-8023a000 r--s 0000e000 08:06 1164951    /home/simon/.m2/repository/commons-io/commons-io/1.2/commons-io-1.2.jar
8023a000-8023b000 r--s 00008000 08:06 1164952    /home/simon/.m2/repository/commons-cli/commons-cli/1.1/commons-cli-1.1.jar
8023b000-80243000 r--s 00042000 08:06 1164948    /home/simon/.m2/repository/com/rabbitmq/rabbitmq-client/1.3.0/rabbitmq-client-1.3.0.jar
80243000-80244000 r--s 00008000 08:06 1164972    /home/simon/.m2/repository/net/liftweb/lift-amqp/1.0/lift-amqp-1.0.jar
80244000-8024b000 r--s 00046000 08:06 1164969    /home/simon/.m2/repository/net/liftweb/lift-facebook/1.0/lift-facebook-1.0.jar
8024b000-8025f000 r--s 0009e000 08:06 1164966    /home/simon/.m2/repository/net/liftweb/lift-textile/1.0/lift-textile-1.0.jar
8025f000-80264000 r--s 00031000 08:06 1164962    /home/simon/.m2/repository/net/liftweb/lift-record/1.0/lift-record-1.0.jar
80264000-80267000 r--s 00012000 08:06 1164955    /home/simon/.m2/repository/net/liftweb/lift-machine/1.0/lift-machine-1.0.jar
80267000-8027f000 r--s 00107000 08:06 305820     /home/simon/.m2/repository/net/liftweb/lift-mapper/1.0/lift-mapper-1.0.jar
8027f000-802a8000 r--s 001db000 08:06 305813     /home/simon/.m2/repository/net/liftweb/lift-webkit/1.0/lift-webkit-1.0.jar
802a8000-802b6000 r--s 0007f000 08:06 257162     /home/simon/.m2/repository/commons-collections/commons-collections/3.2.1/commons-collections-3.2.1.jar
802b6000-802b9000 r--s 0000c000 08:06 305802     /home/simon/.m2/repository/commons-fileupload/commons-fileupload/1.2.1/commons-fileupload-1.2.1.jar
802b9000-802bb000 r--s 0000a000 08:06 305792     /home/simon/.m2/repository/commons-codec/commons-codec/1.3/commons-codec-1.3.jar
802bb000-802bd000 r--s 00008000 08:06 305798     /home/simon/.m2/repository/commons-logging/commons-logging/1.0.4/commons-logging-1.0.4.jar
802bd000-802c3000 r--s 00045000 08:06 305791     /home/simon/.m2/repository/commons-httpclient/commons-httpclient/3.1/commons-httpclient-3.1.jar
802c3000-802c5000 r--s 0000e000 08:06 305795     /home/simon/.m2/repository/javax/activation/activation/1.1/activation-1.1.jar
802c5000-802cb000 r--s 00059000 08:06 305801     /home/simon/.m2/repository/javax/mail/mail/1.4/mail-1.4.jar
802cb000-802d2000 r--s 00053000 08:06 305808     /home/simon/.m2/repository/log4j/log4j/1.2.14/log4j-1.2.14.jar
802d2000-802e2000 r--s 000a1000 08:06 305789     /home/simon/.m2/repository/net/liftweb/lift-util/1.0/lift-util-1.0.jar
802e2000-802e3000 r--s 00000000 08:06 1164945    /home/simon/.m2/repository/net/liftweb/lift-core/1.0/lift-core-1.0.jar
802e3000-802e6000 r--s 00077000 08:06 2646041    /usr/lib/jvm/java-6-openjdk/jre/lib/ext/localedata.jar
802e6000-802e9000 r--s 00038000 08:06 2646039    /usr/lib/jvm/java-6-openjdk/jre/lib/ext/sunpkcs11.jar
802e9000-802f2000 r--s 000b3000 08:06 2670682    /usr/lib/jvm/java-6-openjdk/jre/lib/rhino.jar
802f2000-80300000 r--s 00351000 08:06 2670665    /usr/lib/jvm/java-6-openjdk/jre/lib/charsets.jar
80300000-803fb000 rw-p 00000000 00:00 0 
803fb000-80400000 ---p 00000000 00:00 0 
80401000-8046d000 r--s 0059c000 08:06 305825     /home/simon/.m2/repository/org/scala-lang/scala-compiler/2.7.3/scala-compiler-2.7.3.jar
8046d000-80476000 r--s 00065000 08:06 631330     /usr/share/java/gnome-java-bridge.jar
80476000-80477000 ---p 00000000 00:00 0 
80477000-804f7000 rw-p 00000000 00:00 0 
804f7000-804fa000 ---p 00000000 00:00 0 
804fa000-80548000 rw-p 00000000 00:00 0 
80548000-8054b000 ---p 00000000 00:00 0 
8054b000-805c9000 rw-p 00000000 00:00 0 
805c9000-805cc000 ---p 00000000 00:00 0 
805cc000-8064a000 rw-p 00000000 00:00 0 
8064a000-8064d000 ---p 00000000 00:00 0 
8064d000-8069b000 rw-p 00000000 00:00 0 
8069b000-806da000 r--p 00000000 08:06 647231     /usr/lib/locale/en_AU.utf8/LC_CTYPE
806da000-806dd000 ---p 00000000 00:00 0 
806dd000-8072b000 rw-p 00000000 00:00 0 
8072b000-8072e000 ---p 00000000 00:00 0 
8072e000-8077c000 rw-p 00000000 00:00 0 
8077c000-8077d000 ---p 00000000 00:00 0 
8077d000-807fd000 rw-p 00000000 00:00 0 
807fd000-8083a000 r--s 00348000 08:06 305807     /home/simon/.m2/repository/org/scala-lang/scala-library/2.7.3/scala-library-2.7.3.jar
8083a000-8086d000 rw-p 00000000 00:00 0 
8086d000-80a00000 r--s 03918000 08:06 2670626    /usr/lib/jvm/java-6-openjdk/jre/lib/rt.jar
80a00000-80aec000 rw-p 00000000 00:00 0 
80aec000-80b00000 ---p 00000000 00:00 0 
80b01000-80b08000 r--s 00101000 08:06 2670681    /usr/lib/jvm/java-6-openjdk/jre/lib/resources.jar
80b08000-80b09000 ---p 00000000 00:00 0 
80b09000-80b89000 rw-p 00000000 00:00 0 
80b89000-80b8a000 ---p 00000000 00:00 0 
80b8a000-80c0a000 rw-p 00000000 00:00 0 
80c0a000-80c0b000 ---p 00000000 00:00 0 
80c0b000-80c8b000 rw-p 00000000 00:00 0 
80c8b000-80c8c000 ---p 00000000 00:00 0 
80c8c000-80d14000 rw-p 00000000 00:00 0 
80d14000-80d4c000 rw-p 00000000 00:00 0 
80d4c000-80d5b000 rw-p 00000000 00:00 0 
80d5b000-80e34000 rw-p 00000000 00:00 0 
80e34000-80e3c000 rw-p 00000000 00:00 0 
80e3c000-80e74000 rw-p 00000000 00:00 0 
80e74000-80e83000 rw-p 00000000 00:00 0 
80e83000-80f5b000 rw-p 00000000 00:00 0 
80f5b000-80fa9000 rw-p 00000000 00:00 0 
80fa9000-80fcf000 rw-p 00000000 00:00 0 
80fcf000-81fd0000 rw-p 00000000 00:00 0 
81fd0000-88fd0000 rw-p 00000000 00:00 0 
88fd0000-8acb0000 rw-p 00000000 00:00 0 
8acb0000-a5e80000 rw-p 00000000 00:00 0 
a5e80000-af890000 rw-p 00000000 00:00 0 
af890000-b45d0000 rw-p 00000000 00:00 0 
b45d0000-b45d3000 r--s 00031000 08:06 2646042    /usr/lib/jvm/java-6-openjdk/jre/lib/ext/sunjce_provider.jar
b45d3000-b45d5000 r--s 00001000 08:06 2646040    /usr/lib/jvm/java-6-openjdk/jre/lib/ext/dnsns.jar
b45d5000-b45d8000 r--s 0007a000 08:06 2670673    /usr/lib/jvm/java-6-openjdk/jre/lib/jsse.jar
b45d8000-b45e5000 rw-p 00000000 00:00 0 
b45e5000-b4698000 rw-p 00000000 00:00 0 
b4698000-b49a8000 rwxp 00000000 00:00 0 
b49a8000-b7698000 rw-p 00000000 00:00 0 
b7698000-b769b000 ---p 00000000 00:00 0 
b769b000-b76ec000 rw-p 00000000 00:00 0 
b76ec000-b76ee000 r--s 00013000 08:06 2670671    /usr/lib/jvm/java-6-openjdk/jre/lib/jce.jar
b76ee000-b76f1000 r--s 00018000 08:06 510368     /home/simon/.m2/repository/org/scala-tools/maven-scala-plugin/2.14.3/maven-scala-plugin-2.14.3.jar
b76f1000-b76f4000 r--s 0000f000 08:06 2646044    /usr/lib/jvm/java-6-openjdk/jre/lib/ext/pulse-java.jar
b76f4000-b76fb000 r--s 00000000 08:06 550662     /usr/lib/gconv/gconv-modules.cache
b76fb000-b7703000 rw-s 00000000 08:06 107540     /tmp/hsperfdata_simon/11224
b7703000-b7704000 rw-p 00000000 00:00 0 
b7704000-b7705000 r--p 00000000 00:00 0 
b7705000-b7707000 rw-p 00000000 00:00 0 
bfc75000-bfc8a000 rw-p 00000000 00:00 0          [stack]

VM Arguments:
jvm_args: -Xbootclasspath/a:/home/simon/.m2/repository/org/scala-lang/scala-library/2.7.3/scala-library-2.7.3.jar 
java_command: org_scala_tools_maven_executions.MainWithArgsInFile scala.tools.nsc.Main /tmp/scala-maven-653499698010673795.args
Launcher Type: SUN_STANDARD

Environment Variables:
PATH=/usr/local/sbin:/usr/local/bin:/usr/sbin:/usr/bin:/sbin:/bin:/usr/games
USERNAME=simon
LD_LIBRARY_PATH=/usr/lib/jvm/java-6-openjdk/jre/lib/i386/server:/usr/lib/jvm/java-6-openjdk/jre/lib/i386:/usr/lib/jvm/java-6-openjdk/jre/../lib/i386
SHELL=/bin/bash
DISPLAY=:0.0

Signal Handlers:
SIGSEGV: [libjvm.so+0x5ec210], sa_mask[0]=0x7ffbfeff, sa_flags=0x10000004
SIGBUS: [libjvm.so+0x5ec210], sa_mask[0]=0x7ffbfeff, sa_flags=0x10000004
SIGFPE: [libjvm.so+0x4c9420], sa_mask[0]=0x7ffbfeff, sa_flags=0x10000004
SIGPIPE: [libjvm.so+0x4c9420], sa_mask[0]=0x7ffbfeff, sa_flags=0x10000004
SIGXFSZ: [libjvm.so+0x4c9420], sa_mask[0]=0x7ffbfeff, sa_flags=0x10000004
SIGILL: [libjvm.so+0x4c9420], sa_mask[0]=0x7ffbfeff, sa_flags=0x10000004
SIGUSR1: SIG_DFL, sa_mask[0]=0x00000000, sa_flags=0x00000000
SIGUSR2: [libjvm.so+0x4c8b10], sa_mask[0]=0x00000004, sa_flags=0x10000004
SIGHUP: [libjvm.so+0x4cb2c0], sa_mask[0]=0x7ffbfeff, sa_flags=0x10000004
SIGINT: [libjvm.so+0x4cb2c0], sa_mask[0]=0x7ffbfeff, sa_flags=0x10000004
SIGTERM: [libjvm.so+0x4cb2c0], sa_mask[0]=0x7ffbfeff, sa_flags=0x10000004
SIGQUIT: [libjvm.so+0x4cb2c0], sa_mask[0]=0x7ffbfeff, sa_flags=0x10000004


---------------  S Y S T E M  ---------------

OS:Ubuntu 10.04 (lucid)
uname:Linux 2.6.32-25-generic #45-Ubuntu SMP Sat Oct 16 19:48:22 UTC 2010 i686
libc:glibc 2.11.1 NPTL 2.11.1 
rlimit: STACK 8192k, CORE 0k, NPROC infinity, NOFILE 1024, AS infinity
load average:1.12 0.76 0.88

CPU:total 4 (4 cores per cpu, 1 threads per core) family 6 model 23 stepping 10, cmov, cx8, fxsr, mmx, sse, sse2, sse3, ssse3, sse4.1

Memory: 4k page, physical 2836912k(224524k free), swap 104380k(99820k free)

vm_info: OpenJDK Server VM (16.0-b13) for linux-x86 JRE (1.6.0_18-b18), built on Jul 27 2010 11:17:02 by "buildd" with gcc 4.4.3

time: Thu Oct 28 00:30:30 2010
elapsed time: 3 seconds

